<?xml version="1.0" encoding="utf-8"?><testsuites name="pytest tests"><testsuite name="pytest" errors="0" failures="0" skipped="0" tests="9" time="138.622" timestamp="2026-07-14T17:50:22.832135+00:00" hostname="agent-env-1ec73dbb-44d4-41cb-80fb-250cf245584a"><testcase classname="tests.test_decoder_engine_stone1.TestLifecycle" name="test_certify_before_approve_returns_400" time="44.685" /><testcase classname="tests.test_decoder_engine_stone1.TestLifecycle" name="test_approve_then_certify_treasure" time="0.262" /><testcase classname="tests.test_decoder_engine_stone1.TestVerifiedKRs" name="test_verified_krs_endpoint" time="0.113" /><testcase classname="tests.test_decoder_engine_stone1.TestVersioning" name="test_redecode_same_kr_produces_v2_non_canonical" time="45.313" /><testcase classname="tests.test_decoder_engine_stone1.TestDecode" name="test_decode_produces_38_field_record" time="48.988" /><testcase classname="tests.test_decoder_engine_stone1.TestDecode" name="test_decoder_visible_on_founder_review_shelf" time="0.131" /><testcase classname="tests.test_decoder_engine_stone1.TestTaxonomy" name="test_taxonomy_has_15_governed_review_states" time="0.122" /><testcase classname="tests.test_decoder_engine_stone1.TestRevisionAndArchive" name="test_request_revision_then_archive" time="47.236" /><testcase classname="tests.test_decoder_engine_stone1.TestKnowledgeFirstGate" name="test_decode_unverified_kr_rejected" time="0.642" /></testsuite></testsuites>