<?xml version="1.0" encoding="utf-8"?><testsuites name="pytest tests"><testsuite name="pytest" errors="0" failures="0" skipped="0" tests="5" time="2.028" timestamp="2026-07-25T01:19:50.508550+00:00" hostname="agent-env-1ec73dbb-44d4-41cb-80fb-250cf245584a"><testcase classname="tests.test_audit_and_beta_i95.TestBetaStatus" name="test_beta_status_live_wording" time="0.772" /><testcase classname="tests.test_audit_and_beta_i95.TestAuditExports" name="test_list_exports_returns_three" time="0.912" /><testcase classname="tests.test_audit_and_beta_i95.TestAuditExports" name="test_download_each_export[QRU_Standards_Full_Export.json]" time="0.303" /><testcase classname="tests.test_audit_and_beta_i95.TestAuditExports" name="test_download_each_export[QRU_Standards_Inventory.csv]" time="0.209" /><testcase classname="tests.test_audit_and_beta_i95.TestAuditExports" name="test_download_each_export[QRU_Standards_Audit_Findings.md]" time="0.244" /></testsuite></testsuites>