<?xml version="1.0" encoding="utf-8"?><testsuites name="pytest tests"><testsuite name="pytest" errors="0" failures="0" skipped="0" tests="17" time="16.331" timestamp="2026-07-10T20:27:57.506216+00:00" hostname="agent-env-1ec73dbb-44d4-41cb-80fb-250cf245584a"><testcase classname="tests.test_iteration38_media_library.TestProviderStatus" name="test_providers_returns_ten" time="0.499" /><testcase classname="tests.test_iteration38_media_library.TestProviderStatus" name="test_pexels_and_pixabay_status" time="0.694" /><testcase classname="tests.test_iteration38_media_library.TestProviderStatus" name="test_developer_setup_required_providers" time="0.123" /><testcase classname="tests.test_iteration38_media_library.TestProviderStatus" name="test_tier2_prepared_not_activated" time="0.106" /><testcase classname="tests.test_iteration38_media_library.TestProviderStatus" name="test_no_full_key_ever_returned" time="0.099" /><testcase classname="tests.test_iteration38_media_library.TestValidateBeforeSave" name="test_invalid_pixabay_key_rejected_and_no_overwrite" time="0.863" /><testcase classname="tests.test_iteration38_media_library.TestValidateBeforeSave" name="test_provider_test_returns_test_code" time="0.264" /><testcase classname="tests.test_iteration38_media_library.TestValidateBeforeSave" name="test_logs_endpoint" time="0.100" /><testcase classname="tests.test_iteration38_media_library.TestSearch" name="test_pixabay_live_search_returns_real_results" time="0.766" /><testcase classname="tests.test_iteration38_media_library.TestSearch" name="test_pexels_search_best_effort" time="2.778" /><testcase classname="tests.test_iteration38_media_library.TestSearch" name="test_non_active_provider_returns_honest_reason" time="0.119" /><testcase classname="tests.test_iteration38_media_library.TestVault" name="test_get_assets" time="0.106" /><testcase classname="tests.test_iteration38_media_library.TestVault" name="test_register_asset" time="0.903" /><testcase classname="tests.test_iteration38_media_library.TestVault" name="test_collections" time="0.113" /><testcase classname="tests.test_iteration38_media_library.TestProducePipeline" name="test_produce_proof_full_pipeline" time="8.361" /><testcase classname="tests.test_iteration38_media_library.TestProducePipeline" name="test_milestones_endpoint" time="0.142" /><testcase classname="tests.test_iteration38_media_library.TestProducePipeline" name="test_asset_file_streams_video" time="0.186" /></testsuite></testsuites>