<?xml version="1.0" encoding="utf-8"?><testsuites name="pytest tests"><testsuite name="pytest" errors="0" failures="0" skipped="1" tests="7" time="9.469" timestamp="2026-07-02T23:36:50.170628+00:00" hostname="agent-env-1ec73dbb-44d4-41cb-80fb-250cf245584a"><testcase classname="tests.test_iteration9.TestAssetTraversal" name="test_traversal_dotdot_blocked" time="0.448" /><testcase classname="tests.test_iteration9.TestRenderGuards" name="test_render_404_for_nonexistent_product" time="0.496" /><testcase classname="tests.test_iteration9.TestAssetTraversal" name="test_traversal_dotdot_literal_blocked" time="0.164" /><testcase classname="tests.test_iteration9.TestRenderGuards" name="test_render_400_for_non_certified" time="0.222" /><testcase classname="tests.test_iteration9.TestAssetTraversal" name="test_missing_asset_returns_404" time="0.109" /><testcase classname="tests.test_iteration9.TestCatalogCoverRegression" name="test_rendered_product_shows_cover_url" time="0.546"><skipped type="pytest.skip" message="No rendered_pid available (upstream test skipped/failed)">/app/backend/tests/test_iteration9.py:179: No rendered_pid available (upstream test skipped/failed)</skipped></testcase><testcase classname="tests.test_iteration9.TestRenderEndToEnd" name="test_render_and_poll_treasure_standard_product" time="8.111" /></testsuite></testsuites>