<?xml version="1.0" encoding="utf-8"?><testsuites name="pytest tests"><testsuite name="pytest" errors="0" failures="0" skipped="0" tests="8" time="2.041" timestamp="2026-07-10T18:55:29.831946+00:00" hostname="agent-env-1ec73dbb-44d4-41cb-80fb-250cf245584a"><testcase classname="tests.test_iteration35_visual_studio.TestVisualStudioConfig" name="test_config_endpoint" time="0.738" /><testcase classname="tests.test_iteration35_visual_studio.TestVisualStudioConfig" name="test_config_requires_auth" time="0.140" /><testcase classname="tests.test_iteration35_visual_studio.TestAnalyze" name="test_analyze_valid_product" time="0.857" /><testcase classname="tests.test_iteration35_visual_studio.TestAnalyze" name="test_analyze_missing_product" time="0.148" /><testcase classname="tests.test_iteration35_visual_studio.TestMediaConfig" name="test_media_config" time="0.113" /><testcase classname="tests.test_iteration35_visual_studio.TestGoldReview" name="test_gold_review_valid_product" time="0.352" /><testcase classname="tests.test_iteration35_visual_studio.TestGovernanceStrip" name="test_strip_design" time="0.109" /><testcase classname="tests.test_iteration35_visual_studio.TestGoldReview" name="test_gold_review_missing_product" time="0.103" /></testsuite></testsuites>