<?xml version="1.0" encoding="utf-8"?><testsuites name="pytest tests"><testsuite name="pytest" errors="0" failures="0" skipped="0" tests="16" time="26.666" timestamp="2026-07-10T22:11:01.411357+00:00" hostname="agent-env-1ec73dbb-44d4-41cb-80fb-250cf245584a"><testcase classname="tests.test_iteration39_proof_and_matcher.TestProviders" name="test_providers_list" time="0.591" /><testcase classname="tests.test_iteration39_proof_and_matcher.TestProviders" name="test_pixabay_active_with_masked_key" time="0.059" /><testcase classname="tests.test_iteration39_proof_and_matcher.TestProviders" name="test_pexels_active_env_provided" time="0.057" /><testcase classname="tests.test_iteration39_proof_and_matcher.TestSceneMatcher" name="test_empty_narration_400" time="0.054" /><testcase classname="tests.test_iteration39_proof_and_matcher.TestSceneMatcher" name="test_forex_match_full_shape" time="14.417" /><testcase classname="tests.test_iteration39_proof_and_matcher.TestSceneMatcher" name="test_nonsense_narration_honest_note" time="0.874" /><testcase classname="tests.test_iteration39_proof_and_matcher.TestSceneMatcher" name="test_exclusion_filters_candidates" time="0.592" /><testcase classname="tests.test_iteration39_proof_and_matcher.TestProduceProof" name="test_status_ok" time="9.545" /><testcase classname="tests.test_iteration39_proof_and_matcher.TestProduceProof" name="test_all_13_stages_present" time="0.000" /><testcase classname="tests.test_iteration39_proof_and_matcher.TestProduceProof" name="test_split_qa_scores" time="0.000" /><testcase classname="tests.test_iteration39_proof_and_matcher.TestProduceProof" name="test_source_asset_license_evidence" time="0.000" /><testcase classname="tests.test_iteration39_proof_and_matcher.TestProduceProof" name="test_summary_block" time="0.000" /><testcase classname="tests.test_iteration39_proof_and_matcher.TestProduceProof" name="test_playable_video_stream" time="0.162" /><testcase classname="tests.test_iteration39_proof_and_matcher.TestRegression" name="test_milestones" time="0.057" /><testcase classname="tests.test_iteration39_proof_and_matcher.TestRegression" name="test_master_vault_list" time="0.087" /><testcase classname="tests.test_iteration39_proof_and_matcher.TestRegression" name="test_honest_search_error_on_non_active" time="0.056" /></testsuite></testsuites>