<?xml version="1.0" encoding="utf-8"?><testsuites name="pytest tests"><testsuite name="pytest" errors="0" failures="0" skipped="0" tests="20" time="3.608" timestamp="2026-07-10T19:36:03.931687+00:00" hostname="agent-env-1ec73dbb-44d4-41cb-80fb-250cf245584a"><testcase classname="tests.test_iteration37_trust_qics.TestTrustConfig" name="test_trust_config" time="0.570" /><testcase classname="tests.test_iteration37_trust_qics.TestTrustCertificate" name="test_certificate_returns_all_fields" time="0.326" /><testcase classname="tests.test_iteration37_trust_qics.TestTrustCertificate" name="test_register_upserts_record" time="0.260" /><testcase classname="tests.test_iteration37_trust_qics.TestTrustCertificate" name="test_registry_lists" time="0.113" /><testcase classname="tests.test_iteration37_trust_qics.TestTrustCertificate" name="test_verify_public_real_code" time="0.117" /><testcase classname="tests.test_iteration37_trust_qics.TestTrustCertificate" name="test_verify_public_fake_code" time="0.100" /><testcase classname="tests.test_iteration37_trust_qics.TestTrustPlatformPlan" name="test_platform_plan[youtube-protected_streaming]" time="0.132" /><testcase classname="tests.test_iteration37_trust_qics.TestTrustPlatformPlan" name="test_platform_plan[etsy-None]" time="0.122" /><testcase classname="tests.test_iteration37_trust_qics.TestTrustPlatformPlan" name="test_platform_plan[kdp-drm]" time="0.100" /><testcase classname="tests.test_iteration37_trust_qics.TestTrustPlatformPlan" name="test_audit_returns_events_list" time="0.102" /><testcase classname="tests.test_iteration37_trust_qics.TestQICSConfig" name="test_qics_config" time="0.102" /><testcase classname="tests.test_iteration37_trust_qics.TestQICSActivate" name="test_activate_and_immutability" time="0.321" /><testcase classname="tests.test_iteration37_trust_qics.TestQICSPortal" name="test_public_portal" time="0.293" /><testcase classname="tests.test_iteration37_trust_qics.TestQICSPortal" name="test_public_event" time="0.109" /><testcase classname="tests.test_iteration37_trust_qics.TestQICSPortal" name="test_event_rejects_unknown" time="0.108" /><testcase classname="tests.test_iteration37_trust_qics.TestQICSPortal" name="test_update_destination" time="0.104" /><testcase classname="tests.test_iteration37_trust_qics.TestQICSPortal" name="test_analytics_after_events" time="0.223" /><testcase classname="tests.test_iteration37_trust_qics.TestRegression" name="test_governance_binding_trust" time="0.116" /><testcase classname="tests.test_iteration37_trust_qics.TestRegression" name="test_distribution_still_works" time="0.104" /><testcase classname="tests.test_iteration37_trust_qics.TestRegression" name="test_media_starter_kit_still_works" time="0.100" /></testsuite></testsuites>