<?xml version="1.0" encoding="utf-8"?><testsuites name="pytest tests"><testsuite name="pytest" errors="0" failures="1" skipped="0" tests="9" time="2.585" timestamp="2026-07-29T03:31:08.998765+00:00" hostname="agent-env-788f9197-2fca-447f-a7aa-366666398ce6"><testcase classname="tests.test_iteration97_distribution_architecture" name="test_unauth_get_experiences_rejected" time="0.277" /><testcase classname="tests.test_iteration97_distribution_architecture" name="test_unauth_post_register_rejected" time="0.141" /><testcase classname="tests.test_iteration97_distribution_architecture" name="test_get_experiences_seeded" time="0.452" /><testcase classname="tests.test_iteration97_distribution_architecture" name="test_destinations_map_exact" time="0.110" /><testcase classname="tests.test_iteration97_distribution_architecture" name="test_resolve_workbook" time="0.111" /><testcase classname="tests.test_iteration97_distribution_architecture" name="test_resolve_unknown_fallback" time="0.103" /><testcase classname="tests.test_iteration97_distribution_architecture" name="test_register_experience_flow" time="0.635" /><testcase classname="tests.test_iteration97_distribution_architecture" name="test_consumer_catalog_still_works" time="0.096"><failure message="assert 401 == 200&#10; +  where 401 = &lt;Response [401]&gt;.status_code">backend/tests/test_iteration97_distribution_architecture.py:150: in test_consumer_catalog_still_works
    assert r.status_code == 200
E   assert 401 == 200
E    +  where 401 = &lt;Response [401]&gt;.status_code</failure></testcase><testcase classname="tests.test_iteration97_distribution_architecture" name="test_public_home_still_returns_books" time="0.146" /></testsuite></testsuites>