<?xml version="1.0" encoding="utf-8"?><testsuites name="pytest tests"><testsuite name="pytest" errors="0" failures="0" skipped="1" tests="7" time="20.454" timestamp="2026-07-02T22:56:47.829995+00:00" hostname="agent-env-1ec73dbb-44d4-41cb-80fb-250cf245584a"><testcase classname="tests.test_iteration8.TestEvolution" name="test_refactoring_principle_and_insights" time="0.670" /><testcase classname="tests.test_iteration8.TestMemoryRecords" name="test_records_verified_only_with_memory_status" time="0.715" /><testcase classname="tests.test_iteration8.TestEvolution" name="test_capabilities_list" time="0.050" /><testcase classname="tests.test_iteration8.TestMemoryRecords" name="test_manufacture_guard_on_non_verified" time="0.052"><skipped type="pytest.skip" message="Cannot query knowledge/records endpoint">/app/backend/tests/test_iteration8.py:100: Cannot query knowledge/records endpoint</skipped></testcase><testcase classname="tests.test_iteration8.TestEvolution" name="test_evolution_review_extend_recommendation" time="6.661" /><testcase classname="tests.test_iteration8.TestCharacters" name="test_six_characters_with_required_fields" time="0.111" /><testcase classname="tests.test_iteration8.TestMemoryManufacture" name="test_manufacture_and_poll" time="12.450" /></testsuite></testsuites>