<?xml version="1.0" encoding="utf-8"?><testsuites name="pytest tests"><testsuite name="pytest" errors="0" failures="0" skipped="0" tests="17" time="4.871" timestamp="2026-07-20T20:53:23.941952+00:00" hostname="agent-env-1ec73dbb-44d4-41cb-80fb-250cf245584a"><testcase classname="tests.test_iteration85_preview_qa.TestAuth" name="test_login_returns_token" time="0.477" /><testcase classname="tests.test_iteration85_preview_qa.TestAuth" name="test_me_role" time="0.112" /><testcase classname="tests.test_iteration85_preview_qa.TestFileTokens" name="test_preview_token_returns_inline_pdf" time="0.556" /><testcase classname="tests.test_iteration85_preview_qa.TestFileTokens" name="test_download_token_returns_attachment" time="0.161" /><testcase classname="tests.test_iteration85_preview_qa.TestFileTokens" name="test_deliverable_without_token_forbidden" time="0.136" /><testcase classname="tests.test_iteration85_preview_qa.TestFileTokens" name="test_preview_token_cannot_download" time="0.407" /><testcase classname="tests.test_iteration85_preview_qa.TestFileTokens" name="test_tampered_token_rejected" time="0.165" /><testcase classname="tests.test_iteration85_preview_qa.TestFileTokens" name="test_token_scoped_to_file" time="0.507" /><testcase classname="tests.test_iteration85_preview_qa.TestPublicStorefront" name="test_cover_image_public" time="0.518" /><testcase classname="tests.test_iteration85_preview_qa.TestPublicStorefront" name="test_public_home" time="0.101" /><testcase classname="tests.test_iteration85_preview_qa.TestPublicStorefront" name="test_public_books" time="0.105" /><testcase classname="tests.test_iteration85_preview_qa.TestPublicationOps" name="test_status_has_eligible_count" time="0.055" /><testcase classname="tests.test_iteration85_preview_qa.TestQACleanup" name="test_mark_qa_status_test" time="0.395" /><testcase classname="tests.test_iteration85_preview_qa.TestQACleanup" name="test_eligible_list_contains_product" time="0.054" /><testcase classname="tests.test_iteration85_preview_qa.TestQACleanup" name="test_soft_delete_and_restore" time="0.201" /><testcase classname="tests.test_iteration85_preview_qa.TestQACleanup" name="test_permanent_delete_requires_exact_title" time="0.251" /><testcase classname="tests.test_iteration85_preview_qa.TestQACleanup" name="test_published_product_protected" time="0.565" /></testsuite></testsuites>