<?xml version="1.0" encoding="utf-8"?><testsuites name="pytest tests"><testsuite name="pytest" errors="0" failures="0" skipped="0" tests="11" time="41.953" timestamp="2026-07-02T22:19:32.491116+00:00" hostname="agent-env-1ec73dbb-44d4-41cb-80fb-250cf245584a"><testcase classname="tests.test_iteration7.TestDesignStats" name="test_stats_shape_and_seed_values" time="0.490" /><testcase classname="tests.test_iteration7.TestBrandLibrary" name="test_brand_library_contents" time="0.058" /><testcase classname="tests.test_iteration7.TestDesignLibrary" name="test_design_library_returns_references" time="0.048" /><testcase classname="tests.test_iteration7.TestMasterAssets" name="test_master_assets_no_filter" time="0.049" /><testcase classname="tests.test_iteration7.TestMasterAssets" name="test_master_assets_keyword_filter_heart" time="0.092" /><testcase classname="tests.test_iteration7.TestDesignLanguage" name="test_language_has_learned_principle" time="0.051" /><testcase classname="tests.test_iteration7.TestRecommend" name="test_recommend_poster_children" time="0.048" /><testcase classname="tests.test_iteration7.TestRecommend" name="test_recommend_unknown_type_defaults" time="0.047" /><testcase classname="tests.test_iteration7.TestManufacturingRegression" name="test_recipes_returns_13" time="0.051" /><testcase classname="tests.test_iteration7.TestLearningHook" name="test_certification_grows_libraries" time="40.733" /><testcase classname="tests.test_iteration7.TestAuthGuard" name="test_stats_requires_auth" time="0.218" /></testsuite></testsuites>