<?xml version="1.0" encoding="utf-8"?><testsuites name="pytest tests"><testsuite name="pytest" errors="0" failures="0" skipped="0" tests="24" time="4.915" timestamp="2026-07-03T17:25:20.934119+00:00" hostname="agent-env-1ec73dbb-44d4-41cb-80fb-250cf245584a"><testcase classname="tests.test_mt027_mt028_vault_and_economics.TestVaultListAndFilters" name="test_list_contains_uploaded" time="0.859" /><testcase classname="tests.test_mt027_mt028_vault_and_economics.TestVaultPatchAndLink" name="test_patch_to_protected_master" time="1.122" /><testcase classname="tests.test_mt027_mt028_vault_and_economics.TestVaultListAndFilters" name="test_filter_by_type" time="0.112" /><testcase classname="tests.test_mt027_mt028_vault_and_economics.TestVaultListAndFilters" name="test_filter_by_source" time="0.108" /><testcase classname="tests.test_mt027_mt028_vault_and_economics.TestVaultListAndFilters" name="test_search_q" time="0.106" /><testcase classname="tests.test_mt027_mt028_vault_and_economics.TestVaultPatchAndLink" name="test_patch_approval_status" time="0.260" /><testcase classname="tests.test_mt027_mt028_vault_and_economics.TestVaultListAndFilters" name="test_filter_by_family" time="0.127" /><testcase classname="tests.test_mt027_mt028_vault_and_economics.TestEconomicsOverview" name="test_overview_shape_and_summary" time="0.218" /><testcase classname="tests.test_mt027_mt028_vault_and_economics.TestVaultPatchAndLink" name="test_link_product" time="0.297" /><testcase classname="tests.test_mt027_mt028_vault_and_economics.TestEconomicsOverview" name="test_products_row_shape_and_rendering_zero" time="0.207" /><testcase classname="tests.test_mt027_mt028_vault_and_economics.TestVaultAssetServing" name="test_serve_inline_image_png" time="0.120" /><testcase classname="tests.test_mt027_mt028_vault_and_economics.TestEconomicsOverview" name="test_book_price_1499_math" time="0.223" /><testcase classname="tests.test_mt027_mt028_vault_and_economics.TestVaultAssetServing" name="test_serve_download_attachment" time="0.117" /><testcase classname="tests.test_mt027_mt028_vault_and_economics.TestEconomicsProductRow" name="test_single_product" time="0.330" /><testcase classname="tests.test_mt027_mt028_vault_and_economics.TestVaultLookup" name="test_lookup_finds_founder_cover" time="0.274" /><testcase classname="tests.test_mt027_mt028_vault_and_economics.TestVaultLookup" name="test_lookup_returns_none_for_no_match" time="0.105" /><testcase classname="tests.test_mt027_mt028_vault_and_economics.TestEconomicsProductRow" name="test_single_product_404" time="0.175" /><testcase classname="tests.test_mt027_mt028_vault_and_economics.TestVaultMeta" name="test_meta_returns_expected_lists" time="0.139" /><testcase classname="tests.test_mt027_mt028_vault_and_economics.TestEconomicsExports" name="test_csv_export" time="0.235" /><testcase classname="tests.test_mt027_mt028_vault_and_economics.TestVaultUpload" name="test_upload_creates_correct_asset" time="0.000" /><testcase classname="tests.test_mt027_mt028_vault_and_economics.TestVaultVersioning" name="test_new_version_preserves_original" time="0.235" /><testcase classname="tests.test_mt027_mt028_vault_and_economics.TestEconomicsExports" name="test_pdf_export" time="1.008" /><testcase classname="tests.test_mt027_mt028_vault_and_economics.TestRegression" name="test_certified_product_pipeline_has_customer_deliverable" time="0.953" /><testcase classname="tests.test_mt027_mt028_vault_and_economics.TestVaultArchive" name="test_archive_removes_from_default_list" time="0.485" /></testsuite></testsuites>