<?xml version="1.0" encoding="utf-8"?><testsuites name="pytest tests"><testsuite name="pytest" errors="0" failures="0" skipped="0" tests="5" time="3.420" timestamp="2026-07-03T13:21:08.000152+00:00" hostname="agent-env-1ec73dbb-44d4-41cb-80fb-250cf245584a"><testcase classname="tests.test_fm001_creative_brief.TestRegression" name="test_list_products" time="0.920" /><testcase classname="tests.test_fm001_creative_brief.TestCreativeBriefFallback" name="test_creative_brief_returns_200_with_fallback" time="2.580" /><testcase classname="tests.test_fm001_creative_brief.TestRegression" name="test_get_product_detail" time="0.394" /><testcase classname="tests.test_fm001_creative_brief.TestCreativeBriefFallback" name="test_creative_brief_persisted" time="0.100" /><testcase classname="tests.test_fm001_creative_brief.TestCreativeBriefFallback" name="test_creative_brief_missing_product_returns_404" time="0.103" /></testsuite></testsuites>