<?xml version="1.0" encoding="utf-8"?><testsuites name="pytest tests"><testsuite name="pytest" errors="0" failures="0" skipped="0" tests="15" time="19.947" timestamp="2026-07-02T19:03:24.735917+00:00" hostname="agent-env-1ec73dbb-44d4-41cb-80fb-250cf245584a"><testcase classname="tests.test_iteration2.TestColleges" name="test_list_colleges_includes_health_and_future" time="0.788" /><testcase classname="tests.test_iteration2.TestKRQruMethodology" name="test_create_kr_has_section_status_and_qru_fields" time="0.995" /><testcase classname="tests.test_iteration2.TestColleges" name="test_divisions_endpoint" time="0.166" /><testcase classname="tests.test_iteration2.TestColleges" name="test_college_workspace" time="0.229" /><testcase classname="tests.test_iteration2.TestKRQruMethodology" name="test_migrated_seed_records_have_section_status" time="0.185" /><testcase classname="tests.test_iteration2.TestKRQruMethodology" name="test_manufacture_understanding_fills_sections" time="11.165" /><testcase classname="tests.test_iteration2.TestColleges" name="test_college_workspace_not_found" time="0.212" /><testcase classname="tests.test_iteration2.TestReviewWorkflow" name="test_review_approve" time="0.466" /><testcase classname="tests.test_iteration2.TestReviewWorkflow" name="test_review_reject" time="0.329" /><testcase classname="tests.test_iteration2.TestReviewWorkflow" name="test_review_request_revision" time="0.304" /><testcase classname="tests.test_iteration2.TestExpandedDashboard" name="test_dashboard_has_iteration2_stats" time="0.157" /><testcase classname="tests.test_iteration2.TestTranslationEngine" name="test_translation_engine_returns_full_methodology" time="16.404" /><testcase classname="tests.test_iteration2.TestWorkforceDepartment" name="test_department_returns_full_view" time="0.261" /><testcase classname="tests.test_iteration2.TestWorkforceDepartment" name="test_department_404" time="0.140" /><testcase classname="tests.test_iteration2.TestSearchColleges" name="test_search_returns_colleges_group" time="0.219" /></testsuite></testsuites>