<?xml version="1.0" encoding="utf-8"?><testsuites name="pytest tests"><testsuite name="pytest" errors="0" failures="0" skipped="0" tests="20" time="6.597" timestamp="2026-07-03T18:23:13.020749+00:00" hostname="agent-env-1ec73dbb-44d4-41cb-80fb-250cf245584a"><testcase classname="tests.test_mt030_customer_content_filter.TestFilterUnit" name="test_strips_internal_headings_keeps_educational" time="2.743" /><testcase classname="tests.test_mt030_customer_content_filter.TestMT030PRD00063" name="test_render_deliverable_response_contract" time="1.628" /><testcase classname="tests.test_mt030_customer_content_filter.TestMT030PRD00063" name="test_html_contains_no_internal_terms" time="0.560" /><testcase classname="tests.test_mt030_customer_content_filter.TestMT030PRD00063" name="test_pptx_contains_no_internal_terms" time="0.487" /><testcase classname="tests.test_mt030_customer_content_filter.TestMT030PRD00063" name="test_pdf_contains_no_internal_terms" time="0.584" /><testcase classname="tests.test_mt030_customer_content_filter.TestFilterUnit" name="test_strips_various_internal_headings" time="0.000" /><testcase classname="tests.test_mt030_customer_content_filter.TestFilterUnit" name="test_detects_inline_internal_phrases" time="0.000" /><testcase classname="tests.test_mt030_customer_content_filter.TestFilterUnit" name="test_raw_product_content_unchanged_in_db" time="0.514" /><testcase classname="tests.test_mt030_customer_content_filter.TestPublicationGate" name="test_dirty_product_flags_review_and_blocks_release" time="0.735" /><testcase classname="tests.test_mt029_founder_asset_selection.TestAssetModes" name="test_generate_mode" time="0.668" /><testcase classname="tests.test_mt029_founder_asset_selection.TestAssetModes" name="test_director_mode_default_when_omitted" time="0.147" /><testcase classname="tests.test_mt030_customer_content_filter.TestPublicationGate" name="test_clean_product_not_blocked_by_content_gate" time="0.145" /><testcase classname="tests.test_mt029_founder_asset_selection.TestAssetModes" name="test_director_mode_explicit" time="0.282" /><testcase classname="tests.test_mt030_customer_content_filter.TestRegression" name="test_deliverable_has_html_pptx_pdf_and_design" time="0.234" /><testcase classname="tests.test_mt030_customer_content_filter.TestRegression" name="test_downloads_return_attachment" time="0.333" /><testcase classname="tests.test_mt029_founder_asset_selection.TestVaultSelectableAndRecommend" name="test_selectable_list_includes_uploaded" time="0.240" /><testcase classname="tests.test_mt029_founder_asset_selection.TestVaultSelectableAndRecommend" name="test_recommend_returns_health_assets" time="0.092" /><testcase classname="tests.test_mt030_customer_content_filter.TestPipelineEndpoint" name="test_pipeline_returns_filter_state" time="0.055" /><testcase classname="tests.test_mt029_founder_asset_selection.TestAssembleWithImportedAsset" name="test_use_imported_creates_product_with_manufacturing_asset" time="0.695" /><testcase classname="tests.test_mt029_founder_asset_selection.TestAssembleWithImportedAsset" name="test_asset_related_products_updated" time="0.246" /></testsuite></testsuites>