<?xml version="1.0" encoding="utf-8"?><testsuites name="pytest tests"><testsuite name="pytest" errors="0" failures="0" skipped="0" tests="13" time="4.091" timestamp="2026-07-30T01:54:05.670862+00:00" hostname="agent-env-788f9197-2fca-447f-a7aa-366666398ce6"><testcase classname="tests.test_iteration100_etsy" name="test_endpoints_require_auth[/api/integrations/etsy/status]" time="0.550" /><testcase classname="tests.test_iteration100_etsy" name="test_endpoints_require_auth[/api/integrations/etsy/connect]" time="0.123" /><testcase classname="tests.test_iteration100_etsy" name="test_endpoints_require_auth[/api/integrations/etsy/listings]" time="0.108" /><testcase classname="tests.test_iteration100_etsy" name="test_endpoints_require_auth[/api/integrations/etsy/orders]" time="0.113" /><testcase classname="tests.test_iteration100_etsy" name="test_endpoints_require_auth[/api/integrations/etsy/products]" time="0.107" /><testcase classname="tests.test_iteration100_etsy" name="test_status_disconnected_no_leak" time="0.455" /><testcase classname="tests.test_iteration100_etsy" name="test_connect_returns_pkce_authorize_url" time="0.113" /><testcase classname="tests.test_iteration100_etsy" name="test_products_eligibility" time="0.256" /><testcase classname="tests.test_iteration100_etsy" name="test_preview_eligible_book_no_mutation" time="0.413" /><testcase classname="tests.test_iteration100_etsy" name="test_preview_ineligible_book" time="0.308" /><testcase classname="tests.test_iteration100_etsy" name="test_publish_without_approval_blocked" time="0.435" /><testcase classname="tests.test_iteration100_etsy" name="test_publish_approved_but_not_connected_errors" time="0.545" /><testcase classname="tests.test_iteration100_etsy" name="test_pkce_challenge_derivation_local" time="0.001" /></testsuite></testsuites>