<?xml version="1.0" encoding="utf-8"?><testsuites name="pytest tests"><testsuite name="pytest" errors="0" failures="0" skipped="0" tests="33" time="4.467" timestamp="2026-07-19T00:05:51.747078+00:00" hostname="agent-env-1ec73dbb-44d4-41cb-80fb-250cf245584a"><testcase classname="tests.test_qru_public_commerce.TestPublicCatalog" name="test_home_returns_featured_with_covers" time="0.224" /><testcase classname="tests.test_iteration82_go_live_security.TestSecureDownloadLinks" name="test_paid_within_window_returns_200_epub" time="0.312" /><testcase classname="tests.test_qru_public_commerce.TestPublicCatalog" name="test_books_catalog_returns_four_authorized" time="0.057" /><testcase classname="tests.test_qru_public_commerce.TestPublicCatalog" name="test_book_detail_has_ebook_price_and_cover[8469bcc5-6d6b-4a35-bc5c-4dec82c114cb]" time="0.059" /><testcase classname="tests.test_iteration82_go_live_security.TestSecureDownloadLinks" name="test_download_count_over_limit_returns_410" time="0.184" /><testcase classname="tests.test_qru_public_commerce.TestPublicCatalog" name="test_book_detail_has_ebook_price_and_cover[ca481a45-3e75-4df8-aadf-a1371c1ddb72]" time="0.053" /><testcase classname="tests.test_qru_public_commerce.TestPublicCatalog" name="test_book_detail_has_ebook_price_and_cover[0dbd2b49-93fa-4cb4-aa13-b75db7b5b917]" time="0.052" /><testcase classname="tests.test_qru_public_commerce.TestPublicCatalog" name="test_book_detail_has_ebook_price_and_cover[48405e16-6d2a-44e2-9239-c70b0ec58a3d]" time="0.051" /><testcase classname="tests.test_iteration82_go_live_security.TestSecureDownloadLinks" name="test_expired_link_returns_410" time="0.198" /><testcase classname="tests.test_qru_public_commerce.TestPublicCatalog" name="test_cover_thumb_returns_image[8469bcc5-6d6b-4a35-bc5c-4dec82c114cb]" time="0.068" /><testcase classname="tests.test_qru_public_commerce.TestPublicCatalog" name="test_cover_thumb_returns_image[ca481a45-3e75-4df8-aadf-a1371c1ddb72]" time="0.076" /><testcase classname="tests.test_qru_public_commerce.TestPublicCatalog" name="test_cover_thumb_returns_image[0dbd2b49-93fa-4cb4-aa13-b75db7b5b917]" time="0.056" /><testcase classname="tests.test_iteration82_go_live_security.TestSecureDownloadLinks" name="test_unpaid_pending_returns_403" time="0.120" /><testcase classname="tests.test_qru_public_commerce.TestPublicCatalog" name="test_cover_thumb_returns_image[48405e16-6d2a-44e2-9239-c70b0ec58a3d]" time="0.050" /><testcase classname="tests.test_iteration82_go_live_security.TestNoSecretOrInternalExposure" name="test_no_sk_test_in_home" time="0.144" /><testcase classname="tests.test_iteration82_go_live_security.TestSecureDownloadLinks" name="test_unknown_session_returns_403" time="0.127" /><testcase classname="tests.test_iteration82_go_live_security.TestNoSecretOrInternalExposure" name="test_no_sk_test_in_books" time="0.138" /><testcase classname="tests.test_iteration82_go_live_security.TestSecureDownloadLinks" name="test_six_sequential_downloads_yield_5_ok_then_410" time="1.192" /><testcase classname="tests.test_iteration82_go_live_security.TestNoSecretOrInternalExposure" name="test_no_sk_test_in_book_detail" time="0.124" /><testcase classname="tests.test_iteration82_go_live_security.TestNoSecretOrInternalExposure" name="test_book_detail_hides_internal_fields" time="0.233" /><testcase classname="tests.test_iteration82_go_live_security.TestNoSecretOrInternalExposure" name="test_book_detail_only_exposes_cover_and_thumb_urls" time="0.141" /><testcase classname="tests.test_iteration82_go_live_security.TestNoSecretOrInternalExposure" name="test_frontend_bundle_has_no_secret_key" time="0.960" /><testcase classname="tests.test_qru_public_commerce.TestCheckout" name="test_checkout_creates_stripe_session_server_priced" time="0.616" /><testcase classname="tests.test_iteration82_go_live_security.TestWebhookFulfillment" name="test_webhook_paid_event_flips_pending_to_paid" time="0.253" /><testcase classname="tests.test_iteration82_go_live_security.TestWebhookFulfillment" name="test_webhook_duplicate_event_is_idempotent" time="0.533" /><testcase classname="tests.test_qru_public_commerce.TestCheckout" name="test_checkout_unknown_book_returns_404" time="0.058" /><testcase classname="tests.test_qru_public_commerce.TestCheckout" name="test_checkout_status_pending_before_pay" time="0.477" /><testcase classname="tests.test_iteration82_go_live_security.TestWebhookFulfillment" name="test_webhook_malformed_body_returns_400" time="0.102" /><testcase classname="tests.test_qru_public_commerce.TestCheckout" name="test_checkout_status_unknown_session_404" time="0.062" /><testcase classname="tests.test_qru_public_commerce.TestDownloadAuthorization" name="test_download_forbidden_for_unpaid_new_session" time="0.407" /><testcase classname="tests.test_iteration82_go_live_security.TestWebhookFulfillment" name="test_webhook_empty_body_returns_400" time="0.306" /><testcase classname="tests.test_iteration82_go_live_security.TestPrivacyRouteReachable" name="test_privacy_route_serves_spa_shell" time="0.101" /><testcase classname="tests.test_qru_public_commerce.TestDownloadAuthorization" name="test_download_forbidden_for_random_session" time="0.062" /></testsuite></testsuites>