<?xml version="1.0" encoding="utf-8"?><testsuites name="pytest tests"><testsuite name="pytest" errors="0" failures="0" skipped="0" tests="11" time="27.632" timestamp="2026-07-11T01:14:58.457356+00:00" hostname="agent-env-1ec73dbb-44d4-41cb-80fb-250cf245584a"><testcase classname="tests.test_iteration44_founder_freedom_continuity.TestPublishGuards" name="test_no_source_returns_400" time="0.602" /><testcase classname="tests.test_iteration44_founder_freedom_continuity.TestDistributionRecords" name="test_records_read_and_shape" time="0.701" /><testcase classname="tests.test_iteration44_founder_freedom_continuity.TestPublishGuards" name="test_missing_factory_asset_returns_404" time="0.043" /><testcase classname="tests.test_iteration44_founder_freedom_continuity.TestPublishGuards" name="test_draft_preview_asset_returns_400" time="0.088" /><testcase classname="tests.test_iteration44_founder_freedom_continuity.TestDistributionRecords" name="test_milestone_record_preserved" time="0.051" /><testcase classname="tests.test_iteration44_founder_freedom_continuity.TestGoldMasterHonesty" name="test_certify_requires_qa_100_or_asset_exists" time="0.132" /><testcase classname="tests.test_iteration44_founder_freedom_continuity.TestZeroTouchContinuityLink" name="test_create_project_and_linked_produce" time="26.499" /><testcase classname="tests.test_iteration44_founder_freedom_continuity.TestGoldMasterHonesty" name="test_projects_list_gold_master_never_auto_completed_without_certification" time="0.052" /><testcase classname="tests.test_iteration44_founder_freedom_continuity.TestYouTubeRegression" name="test_status_connected" time="0.044" /><testcase classname="tests.test_iteration44_founder_freedom_continuity.TestYouTubeRegression" name="test_factory_assets_lists" time="0.046" /><testcase classname="tests.test_iteration44_founder_freedom_continuity.TestZeroTouchContinuityLink" name="test_effort_summary_reflects_savings" time="0.046" /></testsuite></testsuites>