<?xml version="1.0" encoding="utf-8"?><testsuites name="pytest tests"><testsuite name="pytest" errors="0" failures="0" skipped="0" tests="12" time="117.195" timestamp="2026-07-13T03:53:46.035374+00:00" hostname="agent-env-1ec73dbb-44d4-41cb-80fb-250cf245584a"><testcase classname="tests.test_iteration61_product_publishing.TestPublishStore" name="test_publish_store_love_book" time="0.645" /><testcase classname="tests.test_iteration61_product_publishing.TestPublishStore" name="test_publish_store_unknown_product_404" time="0.116" /><testcase classname="tests.test_iteration61_product_publishing.TestPublishStore" name="test_publish_store_idempotent" time="0.104" /><testcase classname="tests.test_iteration61_product_publishing.TestKdpPackage" name="test_kdp_package_build" time="0.119" /><testcase classname="tests.test_iteration61_product_publishing.TestKdpPackage" name="test_kdp_file_download_valid_zip" time="0.118" /><testcase classname="tests.test_iteration61_product_publishing.TestKdpPackage" name="test_kdp_package_unknown_product" time="0.099" /><testcase classname="tests.test_iteration61_product_publishing.TestKdpPackage" name="test_kdp_file_unknown_product" time="0.118" /><testcase classname="tests.test_iteration61_product_publishing.TestAudiobook" name="test_audiobook_start_returns_rendering" time="0.107" /><testcase classname="tests.test_iteration61_product_publishing.TestAudiobook" name="test_audiobook_polls_to_ready" time="115.201" /><testcase classname="tests.test_iteration61_product_publishing.TestAudiobook" name="test_audiobook_file_download_is_mp3" time="0.265" /><testcase classname="tests.test_iteration61_product_publishing.TestAudiobook" name="test_audiobook_status_unknown_product" time="0.105" /><testcase classname="tests.test_iteration61_product_publishing.TestYouTubeFactoryAssets" name="test_factory_assets_lists_rendered_only" time="0.100" /></testsuite></testsuites>