<?xml version="1.0" encoding="utf-8"?><testsuites name="pytest tests"><testsuite name="pytest" errors="0" failures="0" skipped="0" tests="59" time="1.679" timestamp="2026-07-05T02:47:50.327199+00:00" hostname="agent-env-1ec73dbb-44d4-41cb-80fb-250cf245584a"><testcase classname="tests.test_iteration28_connector_ux.TestBug1ApiKeyConfigurable" name="test_all_23_present" time="0.643" /><testcase classname="tests.test_iteration28_connector_ux.TestBug1ApiKeyConfigurable" name="test_api_key_connector_is_configurable[amazon_kdp]" time="0.000" /><testcase classname="tests.test_iteration28_connector_ux.TestBug1ApiKeyConfigurable" name="test_api_key_connector_is_configurable[shopify]" time="0.000" /><testcase classname="tests.test_iteration28_connector_ux.TestBug1ApiKeyConfigurable" name="test_api_key_connector_is_configurable[tpt]" time="0.000" /><testcase classname="tests.test_iteration28_connector_ux.TestBug1ApiKeyConfigurable" name="test_api_key_connector_is_configurable[woocommerce]" time="0.000" /><testcase classname="tests.test_iteration28_connector_ux.TestBug1ApiKeyConfigurable" name="test_oauth_connector_is_configurable[canva]" time="0.000" /><testcase classname="tests.test_iteration28_connector_ux.TestBug1ApiKeyConfigurable" name="test_oauth_connector_is_configurable[dropbox]" time="0.000" /><testcase classname="tests.test_iteration28_connector_ux.TestBug1ApiKeyConfigurable" name="test_oauth_connector_is_configurable[etsy]" time="0.000" /><testcase classname="tests.test_iteration28_connector_ux.TestBug1ApiKeyConfigurable" name="test_oauth_connector_is_configurable[facebook]" time="0.000" /><testcase classname="tests.test_iteration28_connector_ux.TestBug1ApiKeyConfigurable" name="test_oauth_connector_is_configurable[github]" time="0.000" /><testcase classname="tests.test_iteration28_connector_ux.TestBug1ApiKeyConfigurable" name="test_oauth_connector_is_configurable[google_docs]" time="0.000" /><testcase classname="tests.test_iteration28_connector_ux.TestBug1ApiKeyConfigurable" name="test_oauth_connector_is_configurable[google_drive]" time="0.000" /><testcase classname="tests.test_iteration28_connector_ux.TestBug1ApiKeyConfigurable" name="test_oauth_connector_is_configurable[google_sheets]" time="0.000" /><testcase classname="tests.test_iteration28_connector_ux.TestBug1ApiKeyConfigurable" name="test_oauth_connector_is_configurable[google_slides]" time="0.000" /><testcase classname="tests.test_iteration28_connector_ux.TestBug1ApiKeyConfigurable" name="test_oauth_connector_is_configurable[instagram]" time="0.000" /><testcase classname="tests.test_iteration28_connector_ux.TestBug1ApiKeyConfigurable" name="test_oauth_connector_is_configurable[linkedin]" time="0.000" /><testcase classname="tests.test_iteration28_connector_ux.TestBug1ApiKeyConfigurable" name="test_oauth_connector_is_configurable[microsoft]" time="0.000" /><testcase classname="tests.test_iteration28_connector_ux.TestBug1ApiKeyConfigurable" name="test_oauth_connector_is_configurable[onedrive]" time="0.000" /><testcase classname="tests.test_iteration28_connector_ux.TestBug1ApiKeyConfigurable" name="test_oauth_connector_is_configurable[pinterest]" time="0.000" /><testcase classname="tests.test_iteration28_connector_ux.TestBug1ApiKeyConfigurable" name="test_oauth_connector_is_configurable[tiktok]" time="0.000" /><testcase classname="tests.test_iteration28_connector_ux.TestBug1ApiKeyConfigurable" name="test_oauth_connector_is_configurable[x]" time="0.000" /><testcase classname="tests.test_iteration28_connector_ux.TestBug1ApiKeyConfigurable" name="test_oauth_connector_is_configurable[youtube]" time="0.000" /><testcase classname="tests.test_iteration28_connector_ux.TestBug1ApiKeyConfigurable" name="test_qru_store_native_not_configurable" time="0.000" /><testcase classname="tests.test_iteration28_connector_ux.TestRegressions" name="test_qru_store_still_ready" time="0.000" /><testcase classname="tests.test_iteration28_connector_ux.TestRegressions" name="test_stripe_still_connected" time="0.000" /><testcase classname="tests.test_iteration28_connector_ux.TestRegressions" name="test_bad_oauth_callback_still_redirects_error" time="0.110" /><testcase classname="tests.test_iteration28_connector_ux.TestCredentialNeeds" name="test_configurable_has_credential_needs[amazon_kdp]" time="0.744" /><testcase classname="tests.test_iteration28_connector_ux.TestCredentialNeeds" name="test_configurable_has_credential_needs[canva]" time="0.000" /><testcase classname="tests.test_iteration28_connector_ux.TestCredentialNeeds" name="test_configurable_has_credential_needs[dropbox]" time="0.000" /><testcase classname="tests.test_iteration28_connector_ux.TestCredentialNeeds" name="test_configurable_has_credential_needs[etsy]" time="0.000" /><testcase classname="tests.test_iteration28_connector_ux.TestCredentialNeeds" name="test_configurable_has_credential_needs[facebook]" time="0.000" /><testcase classname="tests.test_iteration28_connector_ux.TestCredentialNeeds" name="test_configurable_has_credential_needs[github]" time="0.000" /><testcase classname="tests.test_iteration28_connector_ux.TestCredentialNeeds" name="test_configurable_has_credential_needs[google_docs]" time="0.000" /><testcase classname="tests.test_iteration28_connector_ux.TestCredentialNeeds" name="test_configurable_has_credential_needs[google_drive]" time="0.000" /><testcase classname="tests.test_iteration28_connector_ux.TestCredentialNeeds" name="test_configurable_has_credential_needs[google_sheets]" time="0.000" /><testcase classname="tests.test_iteration28_connector_ux.TestCredentialNeeds" name="test_configurable_has_credential_needs[google_slides]" time="0.000" /><testcase classname="tests.test_iteration28_connector_ux.TestCredentialNeeds" name="test_configurable_has_credential_needs[instagram]" time="0.000" /><testcase classname="tests.test_iteration28_connector_ux.TestCredentialNeeds" name="test_configurable_has_credential_needs[linkedin]" time="0.000" /><testcase classname="tests.test_iteration28_connector_ux.TestCredentialNeeds" name="test_configurable_has_credential_needs[microsoft]" time="0.000" /><testcase classname="tests.test_iteration28_connector_ux.TestCredentialNeeds" name="test_configurable_has_credential_needs[onedrive]" time="0.000" /><testcase classname="tests.test_iteration28_connector_ux.TestCredentialNeeds" name="test_configurable_has_credential_needs[pinterest]" time="0.001" /><testcase classname="tests.test_iteration28_connector_ux.TestCredentialNeeds" name="test_configurable_has_credential_needs[shopify]" time="0.000" /><testcase classname="tests.test_iteration28_connector_ux.TestCredentialNeeds" name="test_configurable_has_credential_needs[tiktok]" time="0.000" /><testcase classname="tests.test_iteration28_connector_ux.TestCredentialNeeds" name="test_configurable_has_credential_needs[tpt]" time="0.001" /><testcase classname="tests.test_iteration28_connector_ux.TestCredentialNeeds" name="test_configurable_has_credential_needs[woocommerce]" time="0.000" /><testcase classname="tests.test_iteration28_connector_ux.TestCredentialNeeds" name="test_configurable_has_credential_needs[x]" time="0.000" /><testcase classname="tests.test_iteration28_connector_ux.TestCredentialNeeds" name="test_configurable_has_credential_needs[youtube]" time="0.000" /><testcase classname="tests.test_iteration28_connector_ux.TestCredentialNeeds" name="test_native_has_no_credential_needs" time="0.000" /><testcase classname="tests.test_iteration28_connector_ux.TestUniversalNextStep" name="test_every_connector_has_next_step" time="0.000" /><testcase classname="tests.test_iteration28_connector_ux.TestUniversalNextStep" name="test_qru_store_next_step_talks_publish" time="0.000" /><testcase classname="tests.test_iteration28_connector_ux.TestUniversalNextStep" name="test_configurable_unconfigured_next_step_mentions_developer" time="0.000" /><testcase classname="tests.test_iteration28_connector_ux.TestBug2PublishDisabledReason" name="test_stripe_has_disabled_reason" time="0.000" /><testcase classname="tests.test_iteration28_connector_ux.TestBug2PublishDisabledReason" name="test_no_disabled_publish_has_empty_reason" time="0.000" /><testcase classname="tests.test_iteration28_connector_ux.TestOAuthYoutubeFlow" name="test_youtube_authorize_url_flow" time="0.468" /><testcase classname="tests.test_iteration28_connector_ux.TestRegressions" name="test_all_configurable_have_configurable_flag" time="0.000" /><testcase classname="tests.test_iteration28_connector_ux.TestVerifyChecklistForAll" name="test_verify_returns_structured[stripe]" time="0.169" /><testcase classname="tests.test_iteration28_connector_ux.TestVerifyChecklistForAll" name="test_verify_returns_structured[qru_store]" time="0.104" /><testcase classname="tests.test_iteration28_connector_ux.TestVerifyChecklistForAll" name="test_verify_returns_structured[github]" time="0.142" /><testcase classname="tests.test_iteration28_connector_ux.TestVerifyChecklistForAll" name="test_verify_returns_structured[woocommerce]" time="0.108" /></testsuite></testsuites>