<?xml version="1.0" encoding="utf-8"?><testsuites name="pytest tests"><testsuite name="pytest" errors="0" failures="0" skipped="0" tests="13" time="2.182" timestamp="2026-07-05T03:59:06.168507+00:00" hostname="agent-env-1ec73dbb-44d4-41cb-80fb-250cf245584a"><testcase classname="tests.test_iteration29_inspection.TestSummary" name="test_summary_structure" time="0.783" /><testcase classname="tests.test_iteration29_inspection.TestKRInspection" name="test_kr_cleared_kr00047" time="0.954" /><testcase classname="tests.test_iteration29_inspection.TestSummary" name="test_summary_product_row_shape" time="0.093" /><testcase classname="tests.test_iteration29_inspection.TestSummary" name="test_summary_paused_majority" time="0.094" /><testcase classname="tests.test_iteration29_inspection.TestKRInspection" name="test_kr_thin_paused" time="0.173" /><testcase classname="tests.test_iteration29_inspection.TestProductInspection" name="test_product_detail" time="0.164" /><testcase classname="tests.test_iteration29_inspection.TestKRInspection" name="test_kr_404" time="0.088" /><testcase classname="tests.test_iteration29_inspection.TestProductInspection" name="test_product_404" time="0.046" /><testcase classname="tests.test_iteration29_inspection.TestRegression" name="test_connectors_endpoint" time="0.073" /><testcase classname="tests.test_iteration29_inspection.TestManufactureGateEnforcement" name="test_manufacture_paused_kr_returns_400" time="0.227" /><testcase classname="tests.test_iteration29_inspection.TestRegression" name="test_evidence_metrics" time="0.135" /><testcase classname="tests.test_iteration29_inspection.TestGateRegistry" name="test_gates_registry" time="0.046" /><testcase classname="tests.test_iteration29_inspection.TestManufactureGateEnforcement" name="test_manufacture_cleared_kr_creates_order" time="0.221" /></testsuite></testsuites>