<?xml version="1.0" encoding="utf-8"?><testsuites name="pytest tests"><testsuite name="pytest" errors="0" failures="0" skipped="0" tests="14" time="3.663" timestamp="2026-07-03T16:10:12.931388+00:00" hostname="agent-env-1ec73dbb-44d4-41cb-80fb-250cf245584a"><testcase classname="tests.test_mt025_design_and_downloads" name="test_book_design_review_approved_grade_100" time="1.378" /><testcase classname="tests.test_mt025_design_and_downloads" name="test_presentation_design_review_approved" time="0.277" /><testcase classname="tests.test_mt025_design_and_downloads" name="test_poster_design_review_approved" time="0.062" /><testcase classname="tests.test_mt025_design_and_downloads" name="test_download_flag_sets_attachment_and_correct_ctype[book_deliverable-html]" time="0.144" /><testcase classname="tests.test_mt025_design_and_downloads" name="test_download_flag_sets_attachment_and_correct_ctype[book_deliverable-epub]" time="0.119" /><testcase classname="tests.test_mt025_design_and_downloads" name="test_download_flag_sets_attachment_and_correct_ctype[book_deliverable-pdf]" time="0.153" /><testcase classname="tests.test_mt025_design_and_downloads" name="test_download_flag_sets_attachment_and_correct_ctype[presentation_deliverable-pptx]" time="0.120" /><testcase classname="tests.test_mt025_design_and_downloads" name="test_download_flag_sets_attachment_and_correct_ctype[presentation_deliverable-pdf]" time="0.124" /><testcase classname="tests.test_mt025_design_and_downloads" name="test_download_flag_sets_attachment_and_correct_ctype[poster_deliverable-png]" time="0.122" /><testcase classname="tests.test_mt025_design_and_downloads" name="test_download_flag_sets_attachment_and_correct_ctype[poster_deliverable-html]" time="0.124" /><testcase classname="tests.test_mt025_design_and_downloads" name="test_no_download_flag_is_inline" time="0.154" /><testcase classname="tests.test_mt025_design_and_downloads" name="test_preview_url_is_inline_html" time="0.155" /><testcase classname="tests.test_mt025_design_and_downloads" name="test_release_of_approved_product_publishes" time="0.374" /><testcase classname="tests.test_mt025_design_and_downloads" name="test_release_blocked_when_design_review_required" time="0.258" /></testsuite></testsuites>