<?xml version="1.0" encoding="utf-8"?><testsuites name="pytest tests"><testsuite name="pytest" errors="0" failures="0" skipped="0" tests="13" time="2.603" timestamp="2026-07-12T01:10:58.753628+00:00" hostname="agent-env-1ec73dbb-44d4-41cb-80fb-250cf245584a"><testcase classname="tests.test_iteration50_publishing_standard.TestCoverStudio" name="test_spec_only_generate" time="0.630" /><testcase classname="tests.test_iteration50_publishing_standard.TestStandardAndTokens" name="test_standard" time="0.743" /><testcase classname="tests.test_iteration50_publishing_standard.TestCoverStudio" name="test_list_covers" time="0.111" /><testcase classname="tests.test_iteration50_publishing_standard.TestCoverStudio" name="test_ai_cover_file_and_states" time="0.267" /><testcase classname="tests.test_iteration50_publishing_standard.TestStandardAndTokens" name="test_tokens_json" time="0.106" /><testcase classname="tests.test_iteration50_publishing_standard.TestStandardAndTokens" name="test_tokens_css_public" time="0.135" /><testcase classname="tests.test_iteration50_publishing_standard.TestBindings" name="test_bindings" time="0.109" /><testcase classname="tests.test_iteration50_publishing_standard.TestCoverStudio" name="test_state_workflow" time="0.754" /><testcase classname="tests.test_iteration50_publishing_standard.TestTOC" name="test_toc_clean" time="0.122" /><testcase classname="tests.test_iteration50_publishing_standard.TestPilot" name="test_pilot" time="0.138" /><testcase classname="tests.test_iteration50_publishing_standard.TestPreflight" name="test_clean_passes" time="0.129" /><testcase classname="tests.test_iteration50_publishing_standard.TestPreflight" name="test_defective_blocks" time="0.105" /><testcase classname="tests.test_iteration50_publishing_standard.TestPreflight" name="test_preflight_runs_persisted" time="0.143" /></testsuite></testsuites>