<?xml version="1.0" encoding="utf-8"?><testsuites name="pytest tests"><testsuite name="pytest" errors="0" failures="0" skipped="0" tests="5" time="2.019" timestamp="2026-07-21T22:50:36.891754+00:00" hostname="agent-env-1ec73dbb-44d4-41cb-80fb-250cf245584a"><testcase classname="tests.test_iteration91_source_gate" name="test_verify_source_critical_fixture" time="0.730" /><testcase classname="tests.test_iteration91_source_gate" name="test_verify_source_legit_decoder" time="0.168" /><testcase classname="tests.test_iteration91_source_gate" name="test_create_product_critical_without_override_blocked" time="0.213" /><testcase classname="tests.test_iteration91_source_gate" name="test_create_product_critical_missing_body_still_blocked" time="0.278" /><testcase classname="tests.test_iteration91_source_gate" name="test_create_product_critical_override_false_explicit_blocked" time="0.150" /></testsuite></testsuites>