<?xml version="1.0" encoding="utf-8"?><testsuites name="pytest tests"><testsuite name="pytest" errors="0" failures="0" skipped="0" tests="15" time="2.731" timestamp="2026-07-04T01:38:13.742753+00:00" hostname="agent-env-1ec73dbb-44d4-41cb-80fb-250cf245584a"><testcase classname="tests.test_mt032_auto_gate" name="test_settings_defaults_91_and_no_ai" time="0.601" /><testcase classname="tests.test_mt032_auto_gate" name="test_settings_put_persists" time="0.135" /><testcase classname="tests.test_mt032_auto_gate" name="test_queue_shape" time="0.048" /><testcase classname="tests.test_mt032_auto_gate" name="test_scorecard_has_11_categories_in_order" time="0.094" /><testcase classname="tests.test_mt032_auto_gate" name="test_product_type_compliance_shape" time="0.098" /><testcase classname="tests.test_mt032_auto_gate" name="test_recipe_label_matches_product_type" time="0.094" /><testcase classname="tests.test_mt032_auto_gate" name="test_auto_gate_response_shape_and_zero_ai_cost" time="0.141" /><testcase classname="tests.test_mt032_auto_gate" name="test_auto_gate_writes_design_gate_on_product" time="0.186" /><testcase classname="tests.test_mt032_auto_gate" name="test_auto_gate_does_not_change_approval_or_publish" time="0.137" /><testcase classname="tests.test_mt032_auto_gate" name="test_auto_gate_404_for_missing_product" time="0.046" /><testcase classname="tests.test_mt032_auto_gate" name="test_telemetry_records_after_auto_gate" time="0.244" /><testcase classname="tests.test_mt032_auto_gate" name="test_factory_intelligence_aggregation" time="0.046" /><testcase classname="tests.test_mt032_auto_gate" name="test_manufacturing_hook_code_path_exists" time="0.000" /><testcase classname="tests.test_mt032_auto_gate" name="test_references_endpoint" time="0.045" /><testcase classname="tests.test_mt032_auto_gate" name="test_zzz_leave_ai_off" time="0.102" /></testsuite></testsuites>