<?xml version="1.0" encoding="utf-8"?><testsuites name="pytest tests"><testsuite name="pytest" errors="0" failures="0" skipped="0" tests="5" time="54.665" timestamp="2026-07-11T01:38:10.362128+00:00" hostname="agent-env-1ec73dbb-44d4-41cb-80fb-250cf245584a"><testcase classname="tests.test_iteration46_director_intelligence.TestDirectorPlanEndpoint" name="test_3_scene_plan_shape" time="0.447" /><testcase classname="tests.test_iteration46_director_intelligence.TestDirectorPlanEndpoint" name="test_2_scene_plan" time="0.104" /><testcase classname="tests.test_iteration46_director_intelligence.TestDirectedProduce" name="test_directed_render_and_stream[3-Forex means trading the world's currencies across global markets. Every trade carries real risk of loss that you must respect. Understanding how currency pairs move takes patient study and practice. Learning to trade responsibly builds lasting confidence over time. A calm and focused mind makes clearer decisions. Take a slow breath and reflect on your progress with gratitude.]" time="19.929" /><testcase classname="tests.test_iteration46_director_intelligence.TestDirectedProduce" name="test_directed_render_and_stream[2-Forex means trading currencies across global markets. Every trade carries real risk of loss you must respect. Learning to trade responsibly builds lasting confidence.]" time="13.410" /><testcase classname="tests.test_iteration46_director_intelligence.TestDraftRegression" name="test_draft_mode_produces" time="20.707" /></testsuite></testsuites>