<?xml version="1.0" encoding="utf-8"?><testsuites name="pytest tests"><testsuite name="pytest" errors="0" failures="0" skipped="0" tests="19" time="2.009" timestamp="2026-07-13T02:55:00.216096+00:00" hostname="agent-env-1ec73dbb-44d4-41cb-80fb-250cf245584a"><testcase classname="tests.test_iteration59_manufacturing_dashboard.TestProjectZero" name="test_empty_state_governance" time="0.627" /><testcase classname="tests.test_iteration59_manufacturing_dashboard.TestBatchManufacture" name="test_manufacture_all_governance_is_idempotent" time="0.735" /><testcase classname="tests.test_iteration59_manufacturing_dashboard.TestProjectZero" name="test_feedback_ingest_and_aggregate" time="0.051" /><testcase classname="tests.test_iteration59_manufacturing_dashboard.TestProjectZero" name="test_aggregate_written_back_to_kr" time="0.054" /><testcase classname="tests.test_iteration59_manufacturing_dashboard.TestProjectZero" name="test_feedback_kr_not_found" time="0.049" /><testcase classname="tests.test_iteration59_manufacturing_dashboard.TestBatchManufacture" name="test_manufacture_all_memory_fresh" time="0.104" /><testcase classname="tests.test_iteration59_manufacturing_dashboard.TestIndividualRecipe" name="test_manufacture_unknown_recipe_400" time="0.049" /><testcase classname="tests.test_iteration59_manufacturing_dashboard.TestIndividualRecipe" name="test_manufacture_coming_soon_recipe_400" time="0.048" /><testcase classname="tests.test_iteration59_manufacturing_dashboard.TestBatchManufacture" name="test_manufacture_all_second_call_idempotent" time="0.049" /><testcase classname="tests.test_iteration59_manufacturing_dashboard.TestIndividualRecipe" name="test_manufacture_workbook_when_missing" time="0.103" /><testcase classname="tests.test_iteration59_manufacturing_dashboard.TestBatchManufacture" name="test_matrix_after_batch_shows_manufactured" time="0.059" /><testcase classname="tests.test_iteration59_manufacturing_dashboard.TestBatchManufacture" name="test_manufacture_all_kr_not_found" time="0.087" /><testcase classname="tests.test_iteration59_manufacturing_dashboard.TestKrList" name="test_list_endpoint" time="0.111" /><testcase classname="tests.test_iteration59_manufacturing_dashboard.TestMatrix" name="test_matrix_governance" time="0.048" /><testcase classname="tests.test_iteration59_manufacturing_dashboard.TestMatrix" name="test_matrix_not_found" time="0.085" /><testcase classname="tests.test_iteration59_manufacturing_dashboard.TestKrList" name="test_known_krs_present" time="0.104" /><testcase classname="tests.test_iteration59_manufacturing_dashboard.TestAuth" name="test_login_returns_access_token" time="0.001" /><testcase classname="tests.test_iteration59_manufacturing_dashboard.TestPdfDownload" name="test_download_returns_pdf" time="0.155" /><testcase classname="tests.test_iteration59_manufacturing_dashboard.TestPdfDownload" name="test_download_missing_404" time="0.108" /></testsuite></testsuites>