<?xml version="1.0" encoding="utf-8"?><testsuites name="pytest tests"><testsuite name="pytest" errors="0" failures="0" skipped="0" tests="14" time="1.592" timestamp="2026-07-11T00:08:30.981605+00:00" hostname="agent-env-1ec73dbb-44d4-41cb-80fb-250cf245584a"><testcase classname="tests.test_iteration42_continuity.TestModeControl" name="test_pause" time="0.704" /><testcase classname="tests.test_iteration42_continuity.TestModeControl" name="test_resume_auto_continue" time="0.044" /><testcase classname="tests.test_iteration42_continuity.TestModeControl" name="test_stop" time="0.044" /><testcase classname="tests.test_iteration42_continuity.TestLifecycle" name="test_walk_workflow_stages_then_founder_approval_gate" time="0.945" /><testcase classname="tests.test_iteration42_continuity.TestModeControl" name="test_invalid_mode_returns_400" time="0.083" /><testcase classname="tests.test_iteration42_continuity.TestCreateProject" name="test_create_video_project_forex_auto_kr_and_advance" time="0.046" /><testcase classname="tests.test_iteration42_continuity.TestCreateProject" name="test_create_video_project_obscure_topic_blocked_kr" time="0.049" /><testcase classname="tests.test_iteration42_continuity.TestLifecycle" name="test_approve_founder_gate_then_gold_master_gate" time="0.046" /><testcase classname="tests.test_iteration42_continuity.TestListAndGet" name="test_list_projects" time="0.044" /><testcase classname="tests.test_iteration42_continuity.TestLifecycle" name="test_approve_gold_master_then_publishing_blocked_honesty" time="0.044" /><testcase classname="tests.test_iteration42_continuity.TestListAndGet" name="test_get_bad_id_404" time="0.042" /><testcase classname="tests.test_iteration42_continuity.TestLifecycle" name="test_publishing_never_complete_via_repeated_complete_stage" time="0.183" /><testcase classname="tests.test_iteration42_continuity.TestRegression" name="test_outcomes" time="0.046" /><testcase classname="tests.test_iteration42_continuity.TestRegression" name="test_plan" time="0.047" /></testsuite></testsuites>