<?xml version="1.0" encoding="utf-8"?><testsuites name="pytest tests"><testsuite name="pytest" errors="0" failures="0" skipped="0" tests="14" time="4.972" timestamp="2026-07-12T01:43:08.146777+00:00" hostname="agent-env-1ec73dbb-44d4-41cb-80fb-250cf245584a"><testcase classname="tests.test_iteration51_manufacturing_flow" name="test_lifecycle_requires_auth" time="0.252" /><testcase classname="tests.test_iteration51_manufacturing_flow" name="test_lifecycle" time="0.438" /><testcase classname="tests.test_iteration51_manufacturing_flow" name="test_modules_registry" time="0.107" /><testcase classname="tests.test_iteration51_manufacturing_flow" name="test_module_by_id_and_404" time="0.243" /><testcase classname="tests.test_iteration51_manufacturing_flow" name="test_constitutional_registry" time="0.123" /><testcase classname="tests.test_iteration51_manufacturing_flow" name="test_blueprint_knowledge_ready_true" time="0.116" /><testcase classname="tests.test_iteration51_manufacturing_flow" name="test_blueprint_knowledge_not_ready" time="0.199" /><testcase classname="tests.test_iteration51_manufacturing_flow" name="test_next_stage_intelligence" time="0.300" /><testcase classname="tests.test_iteration51_manufacturing_flow" name="test_next_stage_404" time="0.102" /><testcase classname="tests.test_iteration51_manufacturing_flow" name="test_production_card" time="0.137" /><testcase classname="tests.test_iteration51_manufacturing_flow" name="test_gold_master_no_fake_certification" time="2.133" /><testcase classname="tests.test_iteration51_manufacturing_flow" name="test_transition_advance_and_audit" time="0.431" /><testcase classname="tests.test_iteration51_manufacturing_flow" name="test_gold_master_approve_never_auto_certifies" time="0.221" /><testcase classname="tests.test_iteration51_manufacturing_flow" name="test_dashboard" time="0.102" /></testsuite></testsuites>