<?xml version="1.0" encoding="utf-8"?><testsuites name="pytest tests"><testsuite name="pytest" errors="0" failures="1" skipped="0" tests="14" time="2.698" timestamp="2026-07-10T02:36:38.463372+00:00" hostname="agent-env-1ec73dbb-44d4-41cb-80fb-250cf245584a"><testcase classname="tests.test_iteration34_distribution_governance.TestConnectors" name="test_list_connectors_returns_seven" time="0.625" /><testcase classname="tests.test_iteration34_distribution_governance.TestConnectors" name="test_qru_store_is_connected" time="0.151" /><testcase classname="tests.test_iteration34_distribution_governance.TestConnectors" name="test_youtube_connected_flag" time="0.103" /><testcase classname="tests.test_iteration34_distribution_governance.TestDistribute" name="test_distribute_qru_store_and_youtube_honest" time="0.895" /><testcase classname="tests.test_iteration34_distribution_governance.TestConnectors" name="test_stubs_are_needs_setup" time="0.110" /><testcase classname="tests.test_iteration34_distribution_governance.TestDistribute" name="test_jobs_list_contains_created_job" time="0.148" /><testcase classname="tests.test_iteration34_distribution_governance.TestGovernanceBinding" name="test_overview_priority_bound" time="0.110" /><testcase classname="tests.test_iteration34_distribution_governance.TestDistribute" name="test_verify_qru_store_job" time="0.254" /><testcase classname="tests.test_iteration34_distribution_governance.TestGovernanceBinding" name="test_agents_bound" time="0.146" /><testcase classname="tests.test_iteration34_distribution_governance.TestGovernanceBinding" name="test_manufacturing_compliance" time="0.105"><failure message="AssertionError: {&quot;detail&quot;:&quot;Not Found&quot;}&#10;assert 404 == 200&#10; +  where 404 = &lt;Response [404]&gt;.status_code">tests/test_iteration34_distribution_governance.py:224: in test_manufacturing_compliance
    assert r.status_code == 200, r.text
E   AssertionError: {"detail":"Not Found"}
E   assert 404 == 200
E    +  where 404 = &lt;Response [404]&gt;.status_code</failure></testcase><testcase classname="tests.test_iteration34_distribution_governance.TestDistribute" name="test_analytics_qru_store_job" time="0.206" /><testcase classname="tests.test_iteration34_distribution_governance.TestYouTube" name="test_youtube_status" time="0.105" /><testcase classname="tests.test_iteration34_distribution_governance.TestQIKS" name="test_15_founder_standards_adopted" time="0.133" /><testcase classname="tests.test_iteration34_distribution_governance.TestQIKS" name="test_key_standards_present_with_content" time="0.447" /></testsuite></testsuites>