<?xml version="1.0" encoding="utf-8"?><testsuites name="pytest tests"><testsuite name="pytest" errors="0" failures="0" skipped="0" tests="9" time="1.471" timestamp="2026-07-11T00:00:13.255265+00:00" hostname="agent-env-1ec73dbb-44d4-41cb-80fb-250cf245584a"><testcase classname="tests.test_iteration41_constitution_factory_os.TestFactoryOSPlan" name="test_plan_video_forex_can_launch" time="0.747" /><testcase classname="tests.test_iteration41_constitution_factory_os.TestConstitution" name="test_get_constitution" time="0.842" /><testcase classname="tests.test_iteration41_constitution_factory_os.TestFactoryOSPlan" name="test_plan_no_kr_blocks_launch" time="0.115" /><testcase classname="tests.test_iteration41_constitution_factory_os.TestConstitution" name="test_constitution_bindings" time="0.048" /><testcase classname="tests.test_iteration41_constitution_factory_os.TestFactoryOSPlan" name="test_plan_unknown_outcome" time="0.087" /><testcase classname="tests.test_iteration41_constitution_factory_os.TestKnowledgeGapCheck" name="test_gap_found_forex" time="0.047" /><testcase classname="tests.test_iteration41_constitution_factory_os.TestKnowledgeGapCheck" name="test_gap_not_found_obscure" time="0.086" /><testcase classname="tests.test_iteration41_constitution_factory_os.TestFactoryOSOutcomes" name="test_outcomes" time="0.072" /><testcase classname="tests.test_iteration41_constitution_factory_os.TestRegression" name="test_showcase_modes" time="0.057" /></testsuite></testsuites>