<?xml version="1.0" encoding="utf-8"?><testsuites name="pytest tests"><testsuite name="pytest" errors="0" failures="0" skipped="0" tests="10" time="13.567" timestamp="2026-07-11T01:51:06.706105+00:00" hostname="agent-env-1ec73dbb-44d4-41cb-80fb-250cf245584a"><testcase classname="tests.test_iteration47_creative_director.TestCreativeDirectionReport" name="test_full_report_shape" time="0.582" /><testcase classname="tests.test_iteration47_creative_director.TestCreativeDirectionReport" name="test_low_quality_scene_flagged_and_default_modify" time="0.133" /><testcase classname="tests.test_iteration47_creative_director.TestCreativeDirectionReport" name="test_all_high_quality_defaults_to_approve" time="0.135" /><testcase classname="tests.test_iteration47_creative_director.TestCreativeDirectionReport" name="test_thumbnail_concepts_three_and_one_recommended" time="0.099" /><testcase classname="tests.test_iteration47_creative_director.TestCreativeDirectionReport" name="test_style_override_cinematic" time="0.161" /><testcase classname="tests.test_iteration47_creative_director.TestCreativeDirectionReport" name="test_style_override_professional" time="0.118" /><testcase classname="tests.test_iteration47_creative_director.TestCreativeDirectionReport" name="test_mood_inference_inspirational" time="0.097" /><testcase classname="tests.test_iteration47_creative_director.TestRegression" name="test_director_plan_intact" time="0.098" /><testcase classname="tests.test_iteration47_creative_director.TestRegression" name="test_scene_match_dedup_intact" time="0.495" /><testcase classname="tests.test_iteration47_creative_director.TestRegression" name="test_showcase_produce_mo012_render_after_approval" time="11.584" /></testsuite></testsuites>