<?xml version="1.0" encoding="utf-8"?><testsuites name="pytest tests"><testsuite name="pytest" errors="0" failures="0" skipped="0" tests="7" time="3.776" timestamp="2026-07-30T16:50:08.349418+00:00" hostname="agent-env-788f9197-2fca-447f-a7aa-366666398ce6"><testcase classname="tests.test_iteration103_concierge_kr_resolver.TestReportedBugWorkbook" name="test_two_turn_workbook_then_kr00080" time="1.097" /><testcase classname="tests.test_iteration103_concierge_kr_resolver.TestExplicitIdVariants" name="test_bare_kr_code" time="0.368" /><testcase classname="tests.test_iteration103_concierge_kr_resolver.TestExplicitIdVariants" name="test_natural_sentence_with_kr_code" time="0.357" /><testcase classname="tests.test_iteration103_concierge_kr_resolver.TestManuscriptSource" name="test_manuscript_exact_title" time="0.345" /><testcase classname="tests.test_iteration103_concierge_kr_resolver.TestSelectorMultipleMatches" name="test_selector_two_krs" time="0.254" /><testcase classname="tests.test_iteration103_concierge_kr_resolver.TestNoDuplicateKR" name="test_no_kr_created_after_all_interactions" time="0.990" /><testcase classname="tests.test_iteration103_concierge_kr_resolver.TestNonRegressionKnowledgeGap" name="test_unknown_topic_still_gaps" time="0.275" /></testsuite></testsuites>