<?xml version="1.0" encoding="utf-8"?><testsuites name="pytest tests"><testsuite name="pytest" errors="0" failures="0" skipped="0" tests="7" time="1.831" timestamp="2026-07-13T05:11:26.577652+00:00" hostname="agent-env-1ec73dbb-44d4-41cb-80fb-250cf245584a"><testcase classname="tests.test_iteration62_products_shelf.TestProductsShelf" name="test_shelf_returns_total_by_engine_products" time="0.658" /><testcase classname="tests.test_iteration62_products_shelf.TestKRList" name="test_merged_list_returns_krs_with_verified_first" time="0.993" /><testcase classname="tests.test_iteration62_products_shelf.TestProductsShelf" name="test_shelf_badges_and_audiobook_url" time="0.141" /><testcase classname="tests.test_iteration62_products_shelf.TestProductsShelf" name="test_shelf_media_has_ready_for_youtube_badge_when_rendered" time="0.183" /><testcase classname="tests.test_iteration62_products_shelf.TestAudiobookStatus" name="test_audiobook_status_endpoint_shape" time="0.112" /><testcase classname="tests.test_iteration62_products_shelf.TestKRList" name="test_verified_kr_present" time="0.327" /><testcase classname="tests.test_iteration62_products_shelf.TestYouTubeAssets" name="test_factory_assets_endpoint" time="0.102" /></testsuite></testsuites>