<?xml version="1.0" encoding="utf-8"?><testsuites name="pytest tests"><testsuite name="pytest" errors="0" failures="0" skipped="0" tests="24" time="3.164" timestamp="2026-07-05T02:28:38.087334+00:00" hostname="agent-env-1ec73dbb-44d4-41cb-80fb-250cf245584a"><testcase classname="tests.test_iteration27_founder_beta.TestInteractionAudit" name="test_endpoint_reachable[/api/metrics/summary]" time="0.659" /><testcase classname="tests.test_iteration27_founder_beta.TestConnectorRegistry" name="test_list_returns_23_connectors" time="0.752" /><testcase classname="tests.test_iteration27_founder_beta.TestInteractionAudit" name="test_endpoint_reachable[/api/connectors]" time="0.134" /><testcase classname="tests.test_iteration27_founder_beta.TestConnectorRegistry" name="test_new_connectors_auth_methods" time="0.129" /><testcase classname="tests.test_iteration27_founder_beta.TestInteractionAudit" name="test_endpoint_reachable[/api/founder-inbox]" time="0.213" /><testcase classname="tests.test_iteration27_founder_beta.TestConnectorRegistry" name="test_status_vocabulary_production" time="0.156" /><testcase classname="tests.test_iteration27_founder_beta.TestInteractionAudit" name="test_endpoint_reachable[/api/products]" time="0.271" /><testcase classname="tests.test_iteration27_founder_beta.TestConnectorRegistry" name="test_qru_store_ready_to_publish" time="0.189" /><testcase classname="tests.test_iteration27_founder_beta.TestConnectorRegistry" name="test_stripe_connected" time="0.132" /><testcase classname="tests.test_iteration27_founder_beta.TestInteractionAudit" name="test_endpoint_reachable[/api/store/products]" time="0.139" /><testcase classname="tests.test_iteration27_founder_beta.TestConnectorRegistry" name="test_unconfigured_show_developer_setup_required" time="0.133" /><testcase classname="tests.test_iteration27_founder_beta.TestInteractionAudit" name="test_endpoint_reachable[/api/manufacturing/queue]" time="0.143" /><testcase classname="tests.test_iteration27_founder_beta.TestDeveloperConfigRoleGating" name="test_founder_can_read_dev_config" time="0.104" /><testcase classname="tests.test_iteration27_founder_beta.TestInteractionAudit" name="test_endpoint_reachable[/api/workflows]" time="0.100" /><testcase classname="tests.test_iteration27_founder_beta.TestDeveloperConfigRoleGating" name="test_no_auth_returns_401_or_403" time="0.140" /><testcase classname="tests.test_iteration27_founder_beta.TestInteractionAudit" name="test_endpoint_reachable[/api/autonomy]" time="0.093" /><testcase classname="tests.test_iteration27_founder_beta.TestDeveloperConfigRoleGating" name="test_founder_can_post_dev_config_and_cleanup" time="0.573" /><testcase classname="tests.test_iteration27_founder_beta.TestInteractionAudit" name="test_endpoint_reachable[/api/analytics]" time="0.144" /><testcase classname="tests.test_iteration27_founder_beta.TestInteractionAudit" name="test_endpoint_reachable[/api/customers]" time="0.102" /><testcase classname="tests.test_iteration27_founder_beta.TestFounderIdentity" name="test_founder_is_super_admin" time="0.141" /><testcase classname="tests.test_iteration27_founder_beta.TestOAuthCallback" name="test_bad_state_redirects_error" time="0.115" /><testcase classname="tests.test_iteration27_founder_beta.TestEvidenceMetricsRegression" name="test_connector_status_two_of_twenty_three" time="0.153" /><testcase classname="tests.test_iteration27_founder_beta.TestVerifyChecklist" name="test_verify_github_returns_checklist" time="0.144" /><testcase classname="tests.test_iteration27_founder_beta.TestVerifyChecklist" name="test_verify_qru_store_healthy" time="0.112" /></testsuite></testsuites>