<?xml version="1.0" encoding="utf-8"?><testsuites name="pytest tests"><testsuite name="pytest" errors="0" failures="0" skipped="0" tests="8" time="5.816" timestamp="2026-07-04T01:20:18.941826+00:00" hostname="agent-env-1ec73dbb-44d4-41cb-80fb-250cf245584a"><testcase classname="tests.test_mt032_design_director" name="test_settings_get_defaults" time="0.412" /><testcase classname="tests.test_mt032_design_director" name="test_settings_put_persists" time="0.222" /><testcase classname="tests.test_mt032_design_director" name="test_queue_shape" time="0.046" /><testcase classname="tests.test_mt032_design_director" name="test_scorecard_11_categories" time="0.097" /><testcase classname="tests.test_mt032_design_director" name="test_review_is_deterministic_zero_ai" time="2.621" /><testcase classname="tests.test_mt032_design_director" name="test_well_branded_product_passes_deterministically" time="2.166" /><testcase classname="tests.test_mt032_design_director" name="test_references_grows_after_pass" time="0.045" /><testcase classname="tests.test_mt032_design_director" name="test_zzz_ensure_ai_off_final" time="0.126" /></testsuite></testsuites>