<?xml version="1.0" encoding="utf-8"?><testsuites name="pytest tests"><testsuite name="pytest" errors="0" failures="0" skipped="0" tests="13" time="2.327" timestamp="2026-07-18T03:46:08.729940+00:00" hostname="agent-env-1ec73dbb-44d4-41cb-80fb-250cf245584a"><testcase classname="tests.test_qru_online_public.TestPublicCatalog" name="test_catalog_returns_200_without_auth" time="0.184" /><testcase classname="tests.test_qru_online_public.TestPublicHome" name="test_home_returns_200_without_auth" time="0.173" /><testcase classname="tests.test_qru_online_public.TestPublicHome" name="test_home_forbids_internal_fields" time="0.113" /><testcase classname="tests.test_qru_online_public.TestPublicCatalog" name="test_catalog_only_public_fields" time="0.102" /><testcase classname="tests.test_qru_online_public.TestPublicHome" name="test_home_counts_match_expected" time="0.106" /><testcase classname="tests.test_qru_online_public.TestPublicCatalog" name="test_catalog_covers_reachable" time="1.292" /><testcase classname="tests.test_qru_online_public.TestPublicBookDetail" name="test_book_detail_returns_public_fields" time="0.285" /><testcase classname="tests.test_qru_online_public.TestPublicBookDetail" name="test_book_detail_missing_id_404" time="0.100" /><testcase classname="tests.test_qru_online_public.TestPublicBookDetail" name="test_book_detail_no_auth_required" time="0.251" /><testcase classname="tests.test_qru_online_public.TestPublicNoAuthRequired" name="test_all_public_endpoints_no_auth" time="0.211" /><testcase classname="tests.test_qru_online_public.TestFactoryStillProtected" name="test_factory_endpoint_requires_auth[/api/auth/me]" time="0.103" /><testcase classname="tests.test_qru_online_public.TestFactoryStillProtected" name="test_factory_endpoint_requires_auth[/api/book-mfg/books]" time="0.104" /><testcase classname="tests.test_qru_online_public.TestFactoryStillProtected" name="test_factory_endpoint_requires_auth[/api/manufacturing/pms]" time="0.104" /></testsuite></testsuites>