<?xml version="1.0" encoding="utf-8"?><testsuites name="pytest tests"><testsuite name="pytest" errors="0" failures="0" skipped="0" tests="11" time="2.465" timestamp="2026-07-30T15:21:17.818350+00:00" hostname="agent-env-788f9197-2fca-447f-a7aa-366666398ce6"><testcase classname="tests.test_iteration102_etsy_retest" name="test_fix1_activate_book0001_not_approved_returns_requires_approval" time="0.634" /><testcase classname="tests.test_iteration102_etsy_retest" name="test_fix1_activate_book0013_not_approved_returns_requires_approval" time="0.139" /><testcase classname="tests.test_iteration102_etsy_retest" name="test_fix1_activate_book0001_approved_no_mapping_returns_no_draft_error" time="0.149" /><testcase classname="tests.test_iteration102_etsy_retest" name="test_fix2_preview_returns_200_with_eligibility_and_listing_preview[BOOK-0001]" time="0.145" /><testcase classname="tests.test_iteration102_etsy_retest" name="test_fix2_preview_returns_200_with_eligibility_and_listing_preview[BOOK-0013]" time="0.129" /><testcase classname="tests.test_iteration102_etsy_retest" name="test_fix2_preview_returns_200_with_eligibility_and_listing_preview[BOOK-0016]" time="0.130" /><testcase classname="tests.test_iteration102_etsy_retest" name="test_regression_public_books_count_8_and_poi_present" time="0.145" /><testcase classname="tests.test_iteration102_etsy_retest" name="test_regression_etsy_products_lists_all_authorized" time="0.205" /><testcase classname="tests.test_iteration102_etsy_retest" name="test_regression_activate_requires_auth" time="0.137" /><testcase classname="tests.test_iteration102_etsy_retest" name="test_regression_preview_requires_auth" time="0.145" /><testcase classname="tests.test_iteration102_etsy_retest" name="test_no_mapping_created_by_this_test_run" time="0.161" /></testsuite></testsuites>