<?xml version="1.0" encoding="utf-8"?><testsuites name="pytest tests"><testsuite name="pytest" errors="0" failures="0" skipped="0" tests="17" time="2.522" timestamp="2026-07-10T19:12:20.067998+00:00" hostname="agent-env-1ec73dbb-44d4-41cb-80fb-250cf245584a"><testcase classname="tests.test_iteration36_mo007_mo011.TestMO011MediaStarterKit" name="test_config_returns_13_components_and_8_outputs" time="0.760" /><testcase classname="tests.test_iteration36_mo007_mo011.TestMO007Connectors" name="test_connectors_list_shape" time="0.874" /><testcase classname="tests.test_iteration36_mo007_mo011.TestMO007Connectors" name="test_devto_configurable_fields" time="0.156" /><testcase classname="tests.test_iteration36_mo007_mo011.TestMO011MediaStarterKit" name="test_kit_shape_for_real_product" time="0.336" /><testcase classname="tests.test_iteration36_mo007_mo011.TestMO007Connectors" name="test_shopify_configurable_fields" time="0.132" /><testcase classname="tests.test_iteration36_mo007_mo011.TestMO011MediaStarterKit" name="test_kit_404_for_missing_product" time="0.154" /><testcase classname="tests.test_iteration36_mo007_mo011.TestMO007Connectors" name="test_wordpress_configurable_fields" time="0.112" /><testcase classname="tests.test_iteration36_mo007_mo011.TestMO011MediaStarterKit" name="test_generate_gated_behavior" time="0.285" /><testcase classname="tests.test_iteration36_mo007_mo011.TestMO007Connectors" name="test_etsy_not_configurable" time="0.125" /><testcase classname="tests.test_iteration36_mo007_mo011.TestMO007Connectors" name="test_config_rejects_non_configurable" time="0.181" /><testcase classname="tests.test_iteration36_mo007_mo011.TestMO011MediaStarterKit" name="test_generate_blocked_for_missing_product" time="0.129" /><testcase classname="tests.test_iteration36_mo007_mo011.TestMO007Connectors" name="test_config_rejects_missing_required_devto" time="0.147" /><testcase classname="tests.test_iteration36_mo007_mo011.TestMO011MediaStarterKit" name="test_kits_list" time="0.113" /><testcase classname="tests.test_iteration36_mo007_mo011.TestMO007Connectors" name="test_config_rejects_missing_required_shopify" time="0.113" /><testcase classname="tests.test_iteration36_mo007_mo011.TestMO011MediaStarterKit" name="test_governance_binding_media" time="0.106" /><testcase classname="tests.test_iteration36_mo007_mo011.TestMO007Connectors" name="test_config_rejects_missing_required_wordpress" time="0.112" /><testcase classname="tests.test_iteration36_mo007_mo011.TestMO007Connectors" name="test_config_requires_auth" time="0.114" /></testsuite></testsuites>