<?xml version="1.0" encoding="utf-8"?><testsuites name="pytest tests"><testsuite name="pytest" errors="0" failures="0" skipped="0" tests="11" time="42.008" timestamp="2026-07-02T22:02:52.800799+00:00" hostname="agent-env-1ec73dbb-44d4-41cb-80fb-250cf245584a"><testcase classname="tests.test_iteration6.TestRecipes" name="test_list_recipes" time="0.510" /><testcase classname="tests.test_iteration6.TestRecipes" name="test_types_include_book_and_interactive_lesson" time="0.043" /><testcase classname="tests.test_iteration6.TestDetectMissing" name="test_book_has_missing" time="0.099" /><testcase classname="tests.test_iteration6.TestDetectMissing" name="test_interactive_lesson_is_ready" time="0.045" /><testcase classname="tests.test_iteration6.TestAssemble" name="test_product_shape" time="0.050" /><testcase classname="tests.test_iteration6.TestAssemble" name="test_pipeline_endpoint" time="0.047" /><testcase classname="tests.test_iteration6.TestReleaseBlocked" name="test_release_locked_before_qc" time="0.045" /><testcase classname="tests.test_iteration6.TestQualityControlLoop" name="test_qc_converges_and_certifies" time="40.447" /><testcase classname="tests.test_iteration6.TestQualityControlLoop" name="test_release_after_certification" time="0.094" /><testcase classname="tests.test_iteration6.TestStudentModeRegression" name="test_learner_locked_to_consumer" time="0.439" /><testcase classname="tests.test_iteration6.TestStudentModeRegression" name="test_student_mode_available_on_demo" time="0.098" /></testsuite></testsuites>