<?xml version="1.0" encoding="utf-8"?><testsuites name="pytest tests"><testsuite name="pytest" errors="0" failures="0" skipped="0" tests="10" time="6.713" timestamp="2026-07-02T21:05:05.165185+00:00" hostname="agent-env-1ec73dbb-44d4-41cb-80fb-250cf245584a"><testcase classname="tests.test_iteration4.TestRegistry" name="test_registry_returns_26_agents" time="0.655" /><testcase classname="tests.test_iteration4.TestRegistry" name="test_task_types" time="0.051" /><testcase classname="tests.test_iteration4.TestRegistry" name="test_assemble_manufacture_product" time="0.047" /><testcase classname="tests.test_iteration4.TestRegistry" name="test_assemble_unknown_task" time="0.047" /><testcase classname="tests.test_iteration4.TestOrgActivity" name="test_approve_kr_emits_org_activity" time="0.269" /><testcase classname="tests.test_iteration4.TestCreativeStudioAndPublishGate" name="test_publish_blocked_without_brief" time="1.126" /><testcase classname="tests.test_iteration4.TestCreativeStudioAndPublishGate" name="test_creative_queue_includes_product" time="0.056" /><testcase classname="tests.test_iteration4.TestCreativeStudioAndPublishGate" name="test_generate_creative_brief" time="4.619" /><testcase classname="tests.test_iteration4.TestCreativeStudioAndPublishGate" name="test_creative_queue_excludes_after_review" time="0.056" /><testcase classname="tests.test_iteration4.TestCreativeStudioAndPublishGate" name="test_publish_succeeds_after_brief" time="0.182" /></testsuite></testsuites>