<?xml version="1.0" encoding="utf-8"?><testsuites name="pytest tests"><testsuite name="pytest" errors="0" failures="0" skipped="0" tests="12" time="1.456" timestamp="2026-07-11T02:26:34.419165+00:00" hostname="agent-env-1ec73dbb-44d4-41cb-80fb-250cf245584a"><testcase classname="tests.test_iteration48_improvement_loop.TestContract" name="test_requires_auth" time="0.281" /><testcase classname="tests.test_iteration48_improvement_loop.TestContract" name="test_response_shape" time="0.509" /><testcase classname="tests.test_iteration48_improvement_loop.TestContract" name="test_threshold_clamps_low" time="0.054" /><testcase classname="tests.test_iteration48_improvement_loop.TestContract" name="test_threshold_clamps_high" time="0.053" /><testcase classname="tests.test_iteration48_improvement_loop.TestContract" name="test_final_composite_within_bounds" time="0.054" /><testcase classname="tests.test_iteration48_improvement_loop.TestCaseA_Passing" name="test_forex_reaches_gold_master" time="0.074" /><testcase classname="tests.test_iteration48_improvement_loop.TestCaseA_Passing" name="test_generic_wellness_reaches_gold_master" time="0.055" /><testcase classname="tests.test_iteration48_improvement_loop.TestCaseA_Passing" name="test_notification_and_actions_when_ready" time="0.051" /><testcase classname="tests.test_iteration48_improvement_loop.TestCaseB_Blocking" name="test_sensitive_topic_no_kr_is_blocked" time="0.055" /><testcase classname="tests.test_iteration48_improvement_loop.TestCaseB_Blocking" name="test_qa_reflects_block" time="0.056" /><testcase classname="tests.test_iteration48_improvement_loop.TestCyclesAndWorkOrders" name="test_cycles_monotonic" time="0.051" /><testcase classname="tests.test_iteration48_improvement_loop.TestCyclesAndWorkOrders" name="test_work_orders_have_department_assignment" time="0.056" /></testsuite></testsuites>