<?xml version="1.0" encoding="utf-8"?><testsuites name="pytest tests"><testsuite name="pytest" errors="0" failures="0" skipped="0" tests="16" time="1.928" timestamp="2026-07-18T04:47:05.424004+00:00" hostname="agent-env-1ec73dbb-44d4-41cb-80fb-250cf245584a"><testcase classname="tests.test_qru_public_commerce.TestCheckout" name="test_checkout_creates_stripe_session_server_priced" time="0.633" /><testcase classname="tests.test_qru_public_commerce.TestPublicCatalog" name="test_home_returns_featured_with_covers" time="0.207" /><testcase classname="tests.test_qru_public_commerce.TestPublicCatalog" name="test_books_catalog_returns_four_authorized" time="0.425" /><testcase classname="tests.test_qru_public_commerce.TestCheckout" name="test_checkout_unknown_book_returns_404" time="0.053" /><testcase classname="tests.test_qru_public_commerce.TestPublicCatalog" name="test_book_detail_has_ebook_price_and_cover[8469bcc5-6d6b-4a35-bc5c-4dec82c114cb]" time="0.044" /><testcase classname="tests.test_qru_public_commerce.TestPublicCatalog" name="test_book_detail_has_ebook_price_and_cover[ca481a45-3e75-4df8-aadf-a1371c1ddb72]" time="0.084" /><testcase classname="tests.test_qru_public_commerce.TestCheckout" name="test_checkout_status_pending_before_pay" time="0.434" /><testcase classname="tests.test_qru_public_commerce.TestPublicCatalog" name="test_book_detail_has_ebook_price_and_cover[0dbd2b49-93fa-4cb4-aa13-b75db7b5b917]" time="0.202" /><testcase classname="tests.test_qru_public_commerce.TestPublicCatalog" name="test_book_detail_has_ebook_price_and_cover[48405e16-6d2a-44e2-9239-c70b0ec58a3d]" time="0.046" /><testcase classname="tests.test_qru_public_commerce.TestPublicCatalog" name="test_cover_thumb_returns_image[8469bcc5-6d6b-4a35-bc5c-4dec82c114cb]" time="0.131" /><testcase classname="tests.test_qru_public_commerce.TestCheckout" name="test_checkout_status_unknown_session_404" time="0.090" /><testcase classname="tests.test_qru_public_commerce.TestPublicCatalog" name="test_cover_thumb_returns_image[ca481a45-3e75-4df8-aadf-a1371c1ddb72]" time="0.048" /><testcase classname="tests.test_qru_public_commerce.TestPublicCatalog" name="test_cover_thumb_returns_image[0dbd2b49-93fa-4cb4-aa13-b75db7b5b917]" time="0.047" /><testcase classname="tests.test_qru_public_commerce.TestDownloadAuthorization" name="test_download_forbidden_for_unpaid_new_session" time="0.325" /><testcase classname="tests.test_qru_public_commerce.TestPublicCatalog" name="test_cover_thumb_returns_image[48405e16-6d2a-44e2-9239-c70b0ec58a3d]" time="0.247" /><testcase classname="tests.test_qru_public_commerce.TestDownloadAuthorization" name="test_download_forbidden_for_random_session" time="0.050" /></testsuite></testsuites>