<?xml version="1.0" encoding="utf-8"?><testsuites name="pytest tests"><testsuite name="pytest" errors="0" failures="0" skipped="0" tests="10" time="2.197" timestamp="2026-07-22T23:00:57.756230+00:00" hostname="agent-env-1ec73dbb-44d4-41cb-80fb-250cf245584a"><testcase classname="tests.test_iteration92_family_and_inspection.TestEligibleSources" name="test_eligible_sources_includes_dec00018" time="0.652" /><testcase classname="tests.test_iteration92_family_and_inspection.TestInspection" name="test_inspection_shape_and_readonly[BOOK-0013-971ebe9e-32fa-4030-a7f4-73f0a51b3b3c]" time="1.268" /><testcase classname="tests.test_iteration92_family_and_inspection.TestEligibleSources" name="test_eligible_sources_count_reasonable" time="0.109" /><testcase classname="tests.test_iteration92_family_and_inspection.TestExistingFamilyAssembly" name="test_book_0018_exists_and_linked_to_kr00080" time="0.117" /><testcase classname="tests.test_iteration92_family_and_inspection.TestExistingFamilyAssembly" name="test_family_history_contains_fam5ea08f8f" time="0.218" /><testcase classname="tests.test_iteration92_family_and_inspection.TestIntents" name="test_intents" time="0.132" /><testcase classname="tests.test_iteration92_family_and_inspection.TestFamilyPreview" name="test_preview_dec00018_consumer" time="0.105" /><testcase classname="tests.test_iteration92_family_and_inspection.TestInspection" name="test_inspection_shape_and_readonly[BOOK-0018-92191d2e-10c5-42cf-8a58-8d850f116623]" time="0.344" /><testcase classname="tests.test_iteration92_family_and_inspection.TestFamilySourceGate" name="test_assemble_gatetest_blocked_without_override" time="0.122" /><testcase classname="tests.test_iteration92_family_and_inspection.TestInspection" name="test_inspection_book_0018_content_ok" time="0.107" /></testsuite></testsuites>