<?xml version="1.0" encoding="utf-8"?><testsuites name="pytest tests"><testsuite name="pytest" errors="0" failures="0" skipped="0" tests="8" time="8.868" timestamp="2026-07-05T01:09:21.789017+00:00" hostname="agent-env-1ec73dbb-44d4-41cb-80fb-250cf245584a"><testcase classname="tests.test_iteration24_delivery.TestDelivery" name="test_download_unknown_session_returns_404_with_clear_message" time="0.662" /><testcase classname="tests.test_iteration24_delivery.TestCheckout" name="test_storefront_returns_products" time="0.772" /><testcase classname="tests.test_iteration24_delivery.TestDelivery" name="test_download_pending_session_returns_clear_message" time="1.536" /><testcase classname="tests.test_iteration24_delivery.TestCheckout" name="test_buy_returns_real_stripe_url" time="1.275" /><testcase classname="tests.test_iteration24_delivery.TestCheckout" name="test_buy_unknown_product_returns_clear_error" time="0.102" /><testcase classname="tests.test_iteration24_delivery.TestPreview" name="test_preview_endpoint" time="0.107" /><testcase classname="tests.test_iteration24_delivery.TestDelivery" name="test_download_requires_auth" time="0.142" /><testcase classname="tests.test_iteration24_delivery.TestFormats" name="test_export_formats_returns_files" time="5.807" /></testsuite></testsuites>