<?xml version="1.0" encoding="utf-8"?><testsuites name="pytest tests"><testsuite name="pytest" errors="0" failures="0" skipped="0" tests="17" time="3.982" timestamp="2026-07-29T08:03:17.880510+00:00" hostname="agent-env-788f9197-2fca-447f-a7aa-366666398ce6"><testcase classname="tests.test_iteration98_qru_bundles.TestPublicBooks" name="test_public_home_regression" time="0.169" /><testcase classname="tests.test_iteration98_qru_bundles.TestFounderBundles" name="test_auth_required" time="0.263" /><testcase classname="tests.test_iteration98_qru_bundles.TestPublicBooks" name="test_public_books_returns_imprints" time="0.106" /><testcase classname="tests.test_iteration98_qru_bundles.TestPublicBooks" name="test_public_books_imprint_filter" time="0.421" /><testcase classname="tests.test_iteration98_qru_bundles.TestFounderBundles" name="test_eligible_items" time="0.437" /><testcase classname="tests.test_iteration98_qru_bundles.TestFounderBundles" name="test_list_bundles" time="0.323" /><testcase classname="tests.test_iteration98_qru_bundles.TestPublicBooks" name="test_consumer_catalog_regression" time="0.587" /><testcase classname="tests.test_iteration98_qru_bundles.TestFounderBundles" name="test_create_publish_unpublish_delete" time="0.733" /><testcase classname="tests.test_iteration98_qru_bundles.TestPublicBundles" name="test_public_bundles_list" time="0.108" /><testcase classname="tests.test_iteration98_qru_bundles.TestPublicBundles" name="test_seeded_bundle_detail" time="0.319" /><testcase classname="tests.test_iteration98_qru_bundles.TestPublicBundles" name="test_bundle_checkout_session_creation" time="0.882" /><testcase classname="tests.test_iteration98_qru_bundles.TestFounderBundles" name="test_publish_validation_low_items" time="0.839" /><testcase classname="tests.test_iteration98_qru_bundles.TestDestinationPreview" name="test_destinations_map_requires_auth" time="0.099" /><testcase classname="tests.test_iteration98_qru_bundles.TestFounderBundles" name="test_publish_validation_zero_price" time="0.416" /><testcase classname="tests.test_iteration98_qru_bundles.TestDestinationPreview" name="test_destinations_map_auth" time="0.101" /><testcase classname="tests.test_iteration98_qru_bundles.TestDestinationPreview" name="test_destinations_for_book" time="0.821" /><testcase classname="tests.test_iteration98_qru_bundles.TestRegressionCheckout" name="test_single_book_checkout_still_works" time="0.527" /></testsuite></testsuites>