<?xml version="1.0" encoding="utf-8"?><testsuites name="pytest tests"><testsuite name="pytest" errors="0" failures="0" skipped="0" tests="18" time="2.290" timestamp="2026-07-05T01:47:05.978195+00:00" hostname="agent-env-1ec73dbb-44d4-41cb-80fb-250cf245584a"><testcase classname="tests.test_iteration25_evidence_metrics.TestEvidence" name="test_revenue_evidence_records" time="0.623" /><testcase classname="tests.test_iteration25_evidence_metrics.TestMetricsSummary" name="test_summary_ok" time="0.740" /><testcase classname="tests.test_iteration25_evidence_metrics.TestEvidence" name="test_paid_orders_evidence" time="0.107" /><testcase classname="tests.test_iteration25_evidence_metrics.TestEvidence" name="test_refunds_empty_state" time="0.101" /><testcase classname="tests.test_iteration25_evidence_metrics.TestMetricsSummary" name="test_summary_has_expected_metric_ids" time="0.134" /><testcase classname="tests.test_iteration25_evidence_metrics.TestEvidence" name="test_subscriptions_empty_state" time="0.113" /><testcase classname="tests.test_iteration25_evidence_metrics.TestMetricsSummary" name="test_revenue_metric_is_real_not_synthetic" time="0.124" /><testcase classname="tests.test_iteration25_evidence_metrics.TestEvidence" name="test_products_evidence_populated" time="0.165" /><testcase classname="tests.test_iteration25_evidence_metrics.TestMetricsSummary" name="test_paid_orders_provenance_TEST" time="0.122" /><testcase classname="tests.test_iteration25_evidence_metrics.TestEvidence" name="test_knowledge_records_evidence" time="0.156" /><testcase classname="tests.test_iteration25_evidence_metrics.TestMetricsSummary" name="test_refunds_and_subscriptions_not_tracked" time="0.179" /><testcase classname="tests.test_iteration25_evidence_metrics.TestEvidence" name="test_unknown_metric_404" time="0.100" /><testcase classname="tests.test_iteration25_evidence_metrics.TestMetricsSummary" name="test_products_and_kr_and_published_are_LIVE" time="0.115" /><testcase classname="tests.test_iteration25_evidence_metrics.TestRevenueRegression" name="test_dashboard_stats_revenue_real" time="0.106" /><testcase classname="tests.test_iteration25_evidence_metrics.TestMetricsSummary" name="test_connector_status_display" time="0.117" /><testcase classname="tests.test_iteration25_evidence_metrics.TestRevenueRegression" name="test_mission_impact_business_revenue_real" time="0.117" /><testcase classname="tests.test_iteration25_evidence_metrics.TestBetaStatus" name="test_beta_status_founder_preview" time="0.102" /><testcase classname="tests.test_iteration25_evidence_metrics.TestConnectors" name="test_list_connectors" time="0.102" /></testsuite></testsuites>