<?xml version="1.0" encoding="utf-8"?><testsuites name="pytest tests"><testsuite name="pytest" errors="0" failures="0" skipped="0" tests="7" time="1.969" timestamp="2026-07-11T01:26:28.397767+00:00" hostname="agent-env-1ec73dbb-44d4-41cb-80fb-250cf245584a"><testcase classname="tests.test_iteration45_goldmaster_honesty.TestGoldMasterApprovalRefusal" name="test_gold_master_needs_approval_project_exists" time="0.551" /><testcase classname="tests.test_iteration45_goldmaster_honesty.TestGoldMasterApprovalRefusal" name="test_approve_refuses_gold_master" time="0.058" /><testcase classname="tests.test_iteration45_goldmaster_honesty.TestGoldMasterApprovalRefusal" name="test_persistence_of_refusal" time="0.054" /><testcase classname="tests.test_iteration45_goldmaster_honesty.TestNonGoldMasterGateWorks" name="test_founder_approval_gate_created_and_approved" time="0.526" /><testcase classname="tests.test_iteration45_goldmaster_honesty.TestNonGoldMasterGateWorks" name="test_approve_on_gold_master_of_newly_advanced_project_also_refuses" time="0.099" /><testcase classname="tests.test_iteration45_goldmaster_honesty.TestRealCertificationPath" name="test_certify_gold_master_endpoint_exists_and_enforces_qa" time="0.166" /><testcase classname="tests.test_iteration45_goldmaster_honesty.TestNoLegacyFalseCertifications" name="test_no_project_has_gm_complete_without_evidence" time="0.433" /></testsuite></testsuites>