<?xml version="1.0" encoding="utf-8"?><testsuites name="pytest tests"><testsuite name="pytest" errors="0" failures="0" skipped="0" tests="7" time="2.074" timestamp="2026-07-03T18:21:42.717823+00:00" hostname="agent-env-1ec73dbb-44d4-41cb-80fb-250cf245584a"><testcase classname="tests.test_mt029_founder_asset_selection.TestAssetModes" name="test_generate_mode" time="0.938" /><testcase classname="tests.test_mt029_founder_asset_selection.TestVaultSelectableAndRecommend" name="test_selectable_list_includes_uploaded" time="0.784" /><testcase classname="tests.test_mt029_founder_asset_selection.TestVaultSelectableAndRecommend" name="test_recommend_returns_health_assets" time="0.097" /><testcase classname="tests.test_mt029_founder_asset_selection.TestAssetModes" name="test_director_mode_default_when_omitted" time="0.142" /><testcase classname="tests.test_mt029_founder_asset_selection.TestAssembleWithImportedAsset" name="test_use_imported_creates_product_with_manufacturing_asset" time="0.352" /><testcase classname="tests.test_mt029_founder_asset_selection.TestAssetModes" name="test_director_mode_explicit" time="0.184" /><testcase classname="tests.test_mt029_founder_asset_selection.TestAssembleWithImportedAsset" name="test_asset_related_products_updated" time="0.244" /></testsuite></testsuites>