<?xml version="1.0" encoding="utf-8"?><testsuites name="pytest tests"><testsuite name="pytest" errors="0" failures="0" skipped="0" tests="8" time="1.343" timestamp="2026-07-11T00:40:36.063761+00:00" hostname="agent-env-1ec73dbb-44d4-41cb-80fb-250cf245584a"><testcase classname="tests.test_iteration43_youtube_factory_publish.TestPublishGuards" name="test_no_source_guard" time="0.579" /><testcase classname="tests.test_iteration43_youtube_factory_publish.TestFactoryAssetsListing" name="test_factory_assets_shape" time="0.668" /><testcase classname="tests.test_iteration43_youtube_factory_publish.TestPublishGuards" name="test_missing_asset_guard" time="0.099" /><testcase classname="tests.test_iteration43_youtube_factory_publish.TestFactoryAssetsListing" name="test_factory_assets_no_objectid_leak" time="0.123" /><testcase classname="tests.test_iteration43_youtube_factory_publish.TestPublishGuards" name="test_draft_preview_guard" time="0.197" /><testcase classname="tests.test_iteration43_youtube_factory_publish.TestRegression" name="test_status_connected" time="0.106" /><testcase classname="tests.test_iteration43_youtube_factory_publish.TestFactoryAssetsRealContent" name="test_at_least_one_qru_production_asset" time="0.107" /><testcase classname="tests.test_iteration43_youtube_factory_publish.TestRegression" name="test_publications_list" time="0.102" /></testsuite></testsuites>