<?xml version="1.0" encoding="utf-8"?><testsuites name="pytest tests"><testsuite name="pytest" errors="0" failures="0" skipped="3" tests="8" time="1.972" timestamp="2026-08-03T02:53:38.278043+00:00" hostname="agent-env-788f9197-2fca-447f-a7aa-366666398ce6"><testcase classname="tests.test_iteration106_verification_regression.TestFactoryJobs" name="test_list_jobs" time="0.744" /><testcase classname="tests.test_iteration106_verification_regression.TestVerificationCenter" name="test_queue_returns_200_and_shape" time="0.849" /><testcase classname="tests.test_iteration106_verification_regression.TestFactoryJobs" name="test_get_single_job" time="0.287" /><testcase classname="tests.test_iteration106_verification_regression.TestVerificationCenter" name="test_queue_surfaces_kr2_collection" time="0.149" /><testcase classname="tests.test_iteration106_verification_regression.TestVerificationCenter" name="test_kr2_approve_flow" time="0.414" /><testcase classname="tests.test_iteration106_verification_regression.TestFactoryJobs" name="test_retry_failed_or_cancelled_job" time="0.105"><skipped type="pytest.skip" message="No failed/cancelled job available to retry">/app/backend/tests/test_iteration106_verification_regression.py:125: No failed/cancelled job available to retry</skipped></testcase><testcase classname="tests.test_iteration106_verification_regression.TestFactoryJobs" name="test_cancel_queued_job" time="0.161"><skipped type="pytest.skip" message="No queued job available to cancel">/app/backend/tests/test_iteration106_verification_regression.py:134: No queued job available to cancel</skipped></testcase><testcase classname="tests.test_iteration106_verification_regression.TestCreativeAssetsState" name="test_set_state_no_500" time="0.150"><skipped type="pytest.skip" message="assets list unavailable: 404">/app/backend/tests/test_iteration106_verification_regression.py:87: assets list unavailable: 404</skipped></testcase></testsuite></testsuites>