<?xml version="1.0" encoding="utf-8"?><testsuites name="pytest tests"><testsuite name="pytest" errors="0" failures="0" skipped="0" tests="9" time="218.791" timestamp="2026-07-03T02:27:08.547078+00:00" hostname="agent-env-1ec73dbb-44d4-41cb-80fb-250cf245584a"><testcase classname="tests.test_iteration13.TestFounderAuth" name="test_login" time="0.701" /><testcase classname="tests.test_iteration13.TestProductReview" name="test_review_reject_sets_rejected" time="1.426" /><testcase classname="tests.test_iteration13.TestFounderAuth" name="test_setup_status_flags_temporary" time="0.500" /><testcase classname="tests.test_iteration13.TestEnterpriseReadiness" name="test_readiness_shape" time="0.176" /><testcase classname="tests.test_iteration13.TestFactoryAcceptanceTest" name="test_fat_shape" time="0.145" /><testcase classname="tests.test_iteration13.TestProductReview" name="test_review_approve_publishes" time="15.415" /><testcase classname="tests.test_iteration13.TestTreasureStandardImprovementLoop" name="test_manufacture_and_improvement_loop" time="216.399" /><testcase classname="tests.test_iteration13.TestProductReview" name="test_review_invalid_product" time="0.141" /><testcase classname="tests.test_iteration13.TestPublishGate" name="test_publish_gate_blocks_unverified" time="0.330" /></testsuite></testsuites>