<?xml version="1.0" encoding="utf-8"?><testsuites name="pytest tests"><testsuite name="pytest" errors="0" failures="1" skipped="0" tests="15" time="3.522" timestamp="2026-07-30T15:17:38.184515+00:00" hostname="agent-env-788f9197-2fca-447f-a7aa-366666398ce6"><testcase classname="tests.test_iteration101_catalog_and_etsy" name="test_public_catalog_has_8_authorized_books" time="0.234" /><testcase classname="tests.test_iteration101_catalog_and_etsy" name="test_patterns_of_intelligence_exists_and_is_rothwell" time="0.137" /><testcase classname="tests.test_iteration101_catalog_and_etsy" name="test_all_8_authorized_codes_present" time="0.532" /><testcase classname="tests.test_iteration101_catalog_and_etsy" name="test_book_0003_removed_book_0004_intact" time="0.168" /><testcase classname="tests.test_iteration101_catalog_and_etsy" name="test_etsy_products_eligibility_matrix" time="0.191" /><testcase classname="tests.test_iteration101_catalog_and_etsy" name="test_etsy_endpoints_require_auth[GET-/api/integrations/etsy/products]" time="0.157" /><testcase classname="tests.test_iteration101_catalog_and_etsy" name="test_etsy_endpoints_require_auth[GET-/api/integrations/etsy/diagnostics]" time="0.142" /><testcase classname="tests.test_iteration101_catalog_and_etsy" name="test_etsy_endpoints_require_auth[GET-/api/integrations/etsy/status]" time="0.125" /><testcase classname="tests.test_iteration101_catalog_and_etsy" name="test_etsy_endpoints_require_auth[POST-/api/integrations/etsy/products/BOOK-0001/publish]" time="0.146" /><testcase classname="tests.test_iteration101_catalog_and_etsy" name="test_etsy_endpoints_require_auth[POST-/api/integrations/etsy/products/BOOK-0001/activate]" time="0.139" /><testcase classname="tests.test_iteration101_catalog_and_etsy" name="test_no_secret_leak_in_status_or_diagnostics" time="0.283" /><testcase classname="tests.test_iteration101_catalog_and_etsy" name="test_publish_book0001_requires_approval" time="0.134" /><testcase classname="tests.test_iteration101_catalog_and_etsy" name="test_publish_book0001_approved_but_disconnected" time="0.434" /><testcase classname="tests.test_iteration101_catalog_and_etsy" name="test_activate_book0001_without_approval" time="0.132"><failure message="AssertionError: {'error': 'No Etsy draft is mapped to this product yet — create the draft first.'}&#10;assert None is True&#10; +  where None = &lt;built-in method get of dict object at 0xfbf021791fc0&gt;('requires_approval')&#10; +    where &lt;built-in method get of dict object at 0xfbf021791fc0&gt; = {'error': 'No Etsy draft is mapped to this product yet — create the draft first.'}.get">E   AssertionError: {'error': 'No Etsy draft is mapped to this product yet — create the draft first.'}
    assert None is True
     +  where None = &lt;built-in method get of dict object at 0xfbf021791fc0&gt;('requires_approval')
     +    where &lt;built-in method get of dict object at 0xfbf021791fc0&gt; = {'error': 'No Etsy draft is mapped to this product yet — create the draft first.'}.get</failure></testcase><testcase classname="tests.test_iteration101_catalog_and_etsy" name="test_activate_book0001_approved_no_mapping" time="0.149" /></testsuite></testsuites>