<?xml version="1.0" encoding="utf-8"?><testsuites name="pytest tests"><testsuite name="pytest" errors="0" failures="2" skipped="0" tests="10" time="21.494" timestamp="2026-07-04T17:39:16.944355+00:00" hostname="agent-env-1ec73dbb-44d4-41cb-80fb-250cf245584a"><testcase classname="tests.test_iteration24_autonomy" name="test_overview_shape" time="0.544" /><testcase classname="tests.test_iteration24_autonomy" name="test_settings_default_and_toggle" time="0.477" /><testcase classname="tests.test_iteration24_autonomy" name="test_priority_queue" time="0.119" /><testcase classname="tests.test_iteration24_autonomy" name="test_advance_deterministic_fast" time="0.238" /><testcase classname="tests.test_iteration24_autonomy" name="test_run_cycle_fire_and_forget" time="3.142" /><testcase classname="tests.test_iteration24_autonomy" name="test_founder_inbox_has_health_and_gate" time="0.188"><failure message="AssertionError: Inbox empty&#10;assert (False)&#10; +  where False = isinstance(None, list)">backend/tests/test_iteration24_autonomy.py:117: in test_founder_inbox_has_health_and_gate
    assert isinstance(items, list) and len(items) &gt; 0, "Inbox empty"
E   AssertionError: Inbox empty
E   assert (False)
E    +  where False = isinstance(None, list)</failure></testcase><testcase classname="tests.test_iteration24_autonomy" name="test_publish_gate_unbypassable" time="0.130"><failure message="TypeError: 'NoneType' object is not iterable">backend/tests/test_iteration24_autonomy.py:128: in test_publish_gate_unbypassable
    non_ready = next((p for p in items if p.get("data_health") != "ready" or p.get("publishable") is False), None)
                     ^^^^^^^^^^^^^^^^^^^^^^^^^^^^^^^^^^^^^^^^^^^^^^^^^^^^^^^^^^^^^^^^^^^^^^^^^^^^^^^^^^^^^^
E   TypeError: 'NoneType' object is not iterable</failure></testcase><testcase classname="tests.test_iteration24_autonomy" name="test_marketplaces" time="0.149" /><testcase classname="tests.test_iteration24_autonomy" name="test_asset_plan" time="0.241" /><testcase classname="tests.test_iteration24_autonomy" name="test_manufacture_from_asset" time="15.546" /></testsuite></testsuites>