<?xml version="1.0" encoding="utf-8"?><testsuites name="pytest tests"><testsuite name="pytest" errors="0" failures="0" skipped="0" tests="2" time="51.377" timestamp="2026-07-02T22:18:36.005630+00:00" hostname="agent-env-1ec73dbb-44d4-41cb-80fb-250cf245584a"><testcase classname="tests.test_iteration7.TestLearningHook" name="test_certification_grows_libraries" time="51.234" /><testcase classname="tests.test_iteration7.TestManufacturingRegression" name="test_recipes_returns_13" time="0.056" /></testsuite></testsuites>