<?xml version="1.0" encoding="utf-8"?><testsuites name="pytest tests"><testsuite name="pytest" errors="0" failures="1" skipped="0" tests="13" time="3.890" timestamp="2026-07-14T23:11:28.278523+00:00" hostname="agent-env-1ec73dbb-44d4-41cb-80fb-250cf245584a"><testcase classname="tests.test_iteration75_book_manufacturing.TestConfig" name="test_seven_buttons_exact_order" time="0.590" /><testcase classname="tests.test_iteration75_book_manufacturing.TestPilot" name="test_pilot_listed" time="0.144" /><testcase classname="tests.test_iteration75_book_manufacturing.TestPilot" name="test_canonical_record_has_immutable_and_working_copy" time="0.154" /><testcase classname="tests.test_iteration75_book_manufacturing.TestProofAndApprove" name="test_proof_real_work" time="0.437" /><testcase classname="tests.test_iteration75_book_manufacturing.TestProofAndApprove" name="test_design_blocked_before_lock" time="0.289" /><testcase classname="tests.test_iteration75_book_manufacturing.TestProofAndApprove" name="test_approve_and_lock" time="0.157" /><testcase classname="tests.test_iteration75_book_manufacturing.TestDesign" name="test_design_generates_covers_pdf_epub" time="1.286" /><testcase classname="tests.test_iteration75_book_manufacturing.TestDesign" name="test_select_cover" time="0.170" /><testcase classname="tests.test_iteration75_book_manufacturing.TestHonestStates" name="test_audio_honest" time="0.116" /><testcase classname="tests.test_iteration75_book_manufacturing.TestHonestStates" name="test_video_honest" time="0.116" /><testcase classname="tests.test_iteration75_book_manufacturing.TestHonestStates" name="test_publish_gate_not_ready" time="0.108"><failure message="AssertionError: Gate must not be ready without founder auth: {'title_author': True, 'imprint': True, 'rights_confirmed': True, 'proof_approved': True, 'cover_approved': True, 'metadata_approved': True, 'ai_disclosures_completed': True, 'pricing_approved': False, 'platform_files_passed': True, 'founder_authorization_received': False}&#10;assert True is False">backend/tests/test_iteration75_book_manufacturing.py:218: in test_publish_gate_not_ready
    assert d["gate_ready"] is False, f"Gate must not be ready without founder auth: {g}"
E   AssertionError: Gate must not be ready without founder auth: {'title_author': True, 'imprint': True, 'rights_confirmed': True, 'proof_approved': True, 'cover_approved': True, 'metadata_approved': True, 'ai_disclosures_completed': True, 'pricing_approved': False, 'platform_files_passed': True, 'founder_authorization_received': False}
E   assert True is False</failure></testcase><testcase classname="tests.test_iteration75_book_manufacturing.TestHonestStates" name="test_monitor_honest" time="0.102" /><testcase classname="tests.test_iteration75_book_manufacturing.TestAuthz" name="test_upload_requires_super_admin" time="0.107" /></testsuite></testsuites>