<?xml version="1.0" encoding="utf-8"?><testsuites name="pytest tests"><testsuite name="pytest" errors="0" failures="1" skipped="1" tests="14" time="247.694" timestamp="2026-07-03T03:16:46.557945+00:00" hostname="agent-env-1ec73dbb-44d4-41cb-80fb-250cf245584a"><testcase classname="tests.test_iteration14.TestCommerce" name="test_storefront_returns_products_with_price" time="0.765" /><testcase classname="tests.test_iteration14.TestCommerce" name="test_revenue_summary_connected_stripe" time="0.073" /><testcase classname="tests.test_iteration14.TestFAT" name="test_enterprise_fat_score" time="1.544" /><testcase classname="tests.test_iteration14.TestCommerce" name="test_checkout_creates_real_stripe_session" time="0.670" /><testcase classname="tests.test_iteration14.TestCommerce" name="test_transaction_recorded" time="1.068" /><testcase classname="tests.test_iteration14.TestFAT" name="test_fat_workflow_launch" time="2.204"><failure message="AssertionError: Internal Server Error&#10;assert 500 == 200&#10; +  where 500 = &lt;Response [500]&gt;.status_code">backend/tests/test_iteration14.py:206: in test_fat_workflow_launch
    assert r2.status_code == 200, r2.text
E   AssertionError: Internal Server Error
E   assert 500 == 200
E    +  where 500 = &lt;Response [500]&gt;.status_code</failure></testcase><testcase classname="tests.test_iteration14.TestCommerce" name="test_checkout_rejects_client_amount" time="1.591" /><testcase classname="tests.test_iteration14.TestFAT" name="test_fat_job_detail_is_fat" time="0.104" /><testcase classname="tests.test_iteration14.TestAuth" name="test_login_returns_access_token" time="0.000" /><testcase classname="tests.test_iteration14.TestWorkflowTemplates" name="test_templates_and_stages" time="0.101" /><testcase classname="tests.test_iteration14.TestMonitor" name="test_factory_monitor_structure" time="0.114" /><testcase classname="tests.test_iteration14.TestMediaAssets" name="test_asset_served_if_present" time="0.102"><skipped type="pytest.skip" message="No media asset with /api/rendering/asset/*.mp3|.mp4 found yet — real media generation not observed in recent jobs">/app/backend/tests/test_iteration14.py:239: No media asset with /api/rendering/asset/*.mp3|.mp4 found yet — real media generation not observed in recent jobs</skipped></testcase><testcase classname="tests.test_iteration14.TestWorkflowRun" name="test_run_translation_workflow" time="0.072" /><testcase classname="tests.test_iteration14.TestWorkflowRun" name="test_poll_workflow_progress" time="242.876" /></testsuite></testsuites>