<?xml version="1.0" encoding="utf-8"?><testsuites name="pytest tests"><testsuite name="pytest" errors="0" failures="0" skipped="0" tests="17" time="4.228" timestamp="2026-07-18T05:22:03.622775+00:00" hostname="agent-env-1ec73dbb-44d4-41cb-80fb-250cf245584a"><testcase classname="tests.test_iteration82_go_live_security.TestSecureDownloadLinks" name="test_paid_within_window_returns_200_epub" time="0.256" /><testcase classname="tests.test_iteration82_go_live_security.TestSecureDownloadLinks" name="test_download_count_over_limit_returns_410" time="0.106" /><testcase classname="tests.test_iteration82_go_live_security.TestSecureDownloadLinks" name="test_expired_link_returns_410" time="0.103" /><testcase classname="tests.test_iteration82_go_live_security.TestSecureDownloadLinks" name="test_unpaid_pending_returns_403" time="0.102" /><testcase classname="tests.test_iteration82_go_live_security.TestSecureDownloadLinks" name="test_unknown_session_returns_403" time="0.106" /><testcase classname="tests.test_iteration82_go_live_security.TestSecureDownloadLinks" name="test_six_sequential_downloads_yield_5_ok_then_410" time="1.326" /><testcase classname="tests.test_iteration82_go_live_security.TestWebhookFulfillment" name="test_webhook_paid_event_flips_pending_to_paid" time="0.105" /><testcase classname="tests.test_iteration82_go_live_security.TestWebhookFulfillment" name="test_webhook_duplicate_event_is_idempotent" time="0.206" /><testcase classname="tests.test_iteration82_go_live_security.TestWebhookFulfillment" name="test_webhook_malformed_body_returns_400" time="0.097" /><testcase classname="tests.test_iteration82_go_live_security.TestWebhookFulfillment" name="test_webhook_empty_body_returns_400" time="0.098" /><testcase classname="tests.test_iteration82_go_live_security.TestNoSecretOrInternalExposure" name="test_no_sk_test_in_home" time="0.102" /><testcase classname="tests.test_iteration82_go_live_security.TestNoSecretOrInternalExposure" name="test_no_sk_test_in_books" time="0.099" /><testcase classname="tests.test_iteration82_go_live_security.TestNoSecretOrInternalExposure" name="test_no_sk_test_in_book_detail" time="0.108" /><testcase classname="tests.test_iteration82_go_live_security.TestNoSecretOrInternalExposure" name="test_book_detail_hides_internal_fields" time="0.105" /><testcase classname="tests.test_iteration82_go_live_security.TestNoSecretOrInternalExposure" name="test_book_detail_only_exposes_cover_and_thumb_urls" time="0.111" /><testcase classname="tests.test_iteration82_go_live_security.TestNoSecretOrInternalExposure" name="test_frontend_bundle_has_no_secret_key" time="0.928" /><testcase classname="tests.test_iteration82_go_live_security.TestPrivacyRouteReachable" name="test_privacy_route_serves_spa_shell" time="0.098" /></testsuite></testsuites>