<?xml version="1.0" encoding="utf-8"?><testsuites name="pytest tests"><testsuite name="pytest" errors="0" failures="0" skipped="0" tests="11" time="2.935" timestamp="2026-07-13T05:51:22.579579+00:00" hostname="agent-env-1ec73dbb-44d4-41cb-80fb-250cf245584a"><testcase classname="tests.test_iteration63_qr_posters_cover.TestPosterTemplates" name="test_templates_list_has_new_5" time="0.580" /><testcase classname="tests.test_iteration63_qr_posters_cover.TestQicsPortalUrl" name="test_portals_use_public_https" time="0.682" /><testcase classname="tests.test_iteration63_qr_posters_cover.TestPosterTemplates" name="test_generate_each_template[identity-anatomy-v1]" time="0.420" /><testcase classname="tests.test_iteration63_qr_posters_cover.TestQicsPortalUrl" name="test_public_portal_scan_is_200" time="0.216" /><testcase classname="tests.test_iteration63_qr_posters_cover.TestQicsPortalUrl" name="test_activate_produces_public_url" time="0.563" /><testcase classname="tests.test_iteration63_qr_posters_cover.TestPosterTemplates" name="test_generate_each_template[give-credit-v1]" time="0.404" /><testcase classname="tests.test_iteration63_qr_posters_cover.TestPosterTemplates" name="test_generate_each_template[why-forex-v1]" time="0.384" /><testcase classname="tests.test_iteration63_qr_posters_cover.TestCoverKrBrief" name="test_kr_brief_autofill" time="0.196" /><testcase classname="tests.test_iteration63_qr_posters_cover.TestCoverKrBrief" name="test_kr_brief_404_missing" time="0.149" /><testcase classname="tests.test_iteration63_qr_posters_cover.TestPosterTemplates" name="test_generate_each_template[utility-principle-v1]" time="0.379" /><testcase classname="tests.test_iteration63_qr_posters_cover.TestPosterTemplates" name="test_generate_each_template[brain-translation-v1]" time="0.388" /></testsuite></testsuites>