<?xml version="1.0" encoding="utf-8"?><testsuites name="pytest tests"><testsuite name="pytest" errors="0" failures="1" skipped="0" tests="10" time="1.663" timestamp="2026-07-12T03:16:34.724782+00:00" hostname="agent-env-1ec73dbb-44d4-41cb-80fb-250cf245584a"><testcase classname="tests.test_refinement.TestOverview" name="test_overview_shape" time="0.460" /><testcase classname="tests.test_refinement.TestKnowledge" name="test_manufacture_knowledge_honest_verification" time="0.103" /><testcase classname="tests.test_refinement.TestKnowledge" name="test_list_knowledge" time="0.116" /><testcase classname="tests.test_refinement.TestProduct" name="test_manufacture_product_stays_draft" time="0.216" /><testcase classname="tests.test_refinement.TestProduct" name="test_product_unknown_kr_returns_404" time="0.098" /><testcase classname="tests.test_refinement.TestProduct" name="test_list_products" time="0.113" /><testcase classname="tests.test_refinement.TestBenchmark" name="test_benchmark_full_run" time="0.123" /><testcase classname="tests.test_refinement.TestLearning" name="test_learning_summary" time="0.114" /><testcase classname="tests.test_refinement.TestRegression" name="test_flow_registry_includes_rfn" time="0.097"><failure message="AssertionError: Missing standard STD-EIP-0002 in /api/flow/registry&#10;assert 'STD-EIP-0002' in &quot;{'registry': [{'id': 'QRU-CON-0001', 'category': 'Foundational Governance', 'created_at': '2026-07-12T01:38:57.259932+00:00', 'implementation_status': 'Production', 'name': 'QRU Factory™ Constitution', 'owner': 'QRU', 'verification_status': 'Verified', 'version': '1.0'}, {'id': 'QRU-CON-0002', 'category': 'Publishing / Design Governance', 'created_at': '2026-07-12T01:38:57.283177+00:00', 'implementation_status': 'Production', 'name': 'Enterprise Publishing &amp; Presentation Standard™', 'owner': 'QRU Press™', 'verification_status': 'Verified', 'version': '1.0'}, {'id': 'STD-MFG-0001', 'category': 'Production Orchestration', 'created_at': '2026-07-12T01:38:57.283706+00:00', 'implementation_status': 'Production', 'name': 'Universal Manufacturing Flow Engine™', 'owner': 'QRU', 'verification_status': 'Verified', 'version': '1.0'}]}&quot;">backend/tests/test_refinement.py:170: in test_flow_registry_includes_rfn
    assert sid in text, f"Missing standard {sid} in /api/flow/registry"
E   AssertionError: Missing standard STD-EIP-0002 in /api/flow/registry
E   assert 'STD-EIP-0002' in "{'registry': [{'id': 'QRU-CON-0001', 'category': 'Foundational Governance', 'created_at': '2026-07-12T01:38:57.259932+00:00', 'implementation_status': 'Production', 'name': 'QRU Factory™ Constitution', 'owner': 'QRU', 'verification_status': 'Verified', 'version': '1.0'}, {'id': 'QRU-CON-0002', 'category': 'Publishing / Design Governance', 'created_at': '2026-07-12T01:38:57.283177+00:00', 'implementation_status': 'Production', 'name': 'Enterprise Publishing &amp; Presentation Standard™', 'owner': 'QRU Press™', 'verification_status': 'Verified', 'version': '1.0'}, {'id': 'STD-MFG-0001', 'category': 'Production Orchestration', 'created_at': '2026-07-12T01:38:57.283706+00:00', 'implementation_status': 'Production', 'name': 'Universal Manufacturing Flow Engine™', 'owner': 'QRU', 'verification_status': 'Verified', 'version': '1.0'}]}"</failure></testcase><testcase classname="tests.test_refinement.TestRegression" name="test_architecture_domains_8" time="0.113" /></testsuite></testsuites>