<?xml version="1.0" encoding="utf-8"?><testsuites name="pytest tests"><testsuite name="pytest" errors="0" failures="0" skipped="0" tests="18" time="1.327" timestamp="2026-07-05T04:07:01.315301+00:00" hostname="agent-env-1ec73dbb-44d4-41cb-80fb-250cf245584a"><testcase classname="tests.test_iteration30_mfg_dashboard.TestRegression" name="test_inspection_summary_still_works" time="0.767" /><testcase classname="tests.test_iteration30_mfg_dashboard.TestRegression" name="test_connectors_still_23" time="0.078" /><testcase classname="tests.test_iteration30_mfg_dashboard.TestDashboardStructure" name="test_top_level_keys" time="0.808" /><testcase classname="tests.test_iteration30_mfg_dashboard.TestDashboardStructure" name="test_knowledge_records" time="0.000" /><testcase classname="tests.test_iteration30_mfg_dashboard.TestDashboardStructure" name="test_products_manufactured" time="0.000" /><testcase classname="tests.test_iteration30_mfg_dashboard.TestDashboardStructure" name="test_products_in_queue" time="0.000" /><testcase classname="tests.test_iteration30_mfg_dashboard.TestDashboardStructure" name="test_connector_status_23" time="0.000" /><testcase classname="tests.test_iteration30_mfg_dashboard.TestDashboardStructure" name="test_publishing" time="0.000" /><testcase classname="tests.test_iteration30_mfg_dashboard.TestDashboardStructure" name="test_revenue_real_and_test_provenance" time="0.000" /><testcase classname="tests.test_iteration30_mfg_dashboard.TestDashboardStructure" name="test_licensing_not_tracked_when_zero" time="0.000" /><testcase classname="tests.test_iteration30_mfg_dashboard.TestDashboardStructure" name="test_throughput" time="0.000" /><testcase classname="tests.test_iteration30_mfg_dashboard.TestDashboardStructure" name="test_quality_scores_matches_inspection" time="0.092" /><testcase classname="tests.test_iteration30_mfg_dashboard.TestAuth" name="test_requires_auth" time="0.106" /><testcase classname="tests.test_iteration30_mfg_dashboard.TestDashboardStructure" name="test_treasure_standard" time="0.000" /><testcase classname="tests.test_iteration30_mfg_dashboard.TestDashboardStructure" name="test_connector_health_23_rows" time="0.000" /><testcase classname="tests.test_iteration30_mfg_dashboard.TestDashboardStructure" name="test_alerts_shape" time="0.000" /><testcase classname="tests.test_iteration30_mfg_dashboard.TestDashboardStructure" name="test_alerts_include_paused_products" time="0.000" /><testcase classname="tests.test_iteration30_mfg_dashboard.TestDashboardStructure" name="test_alerts_include_stripe_test_mode" time="0.000" /></testsuite></testsuites>