<?xml version="1.0" encoding="utf-8"?><testsuites name="pytest tests"><testsuite name="pytest" errors="0" failures="0" skipped="0" tests="16" time="12.798" timestamp="2026-07-02T21:43:05.656790+00:00" hostname="agent-env-1ec73dbb-44d4-41cb-80fb-250cf245584a"><testcase classname="tests.test_iteration5.TestConsumer" name="test_catalog_has_demo_products" time="0.626" /><testcase classname="tests.test_iteration5.TestCommandCenter" name="test_briefing" time="0.751" /><testcase classname="tests.test_iteration5.TestConsumer" name="test_product_understanding_has_layers_sections_modes" time="1.281" /><testcase classname="tests.test_iteration5.TestCommandCenter" name="test_mission_impact" time="0.107" /><testcase classname="tests.test_iteration5.TestCommandCenter" name="test_health_detailed" time="0.122" /><testcase classname="tests.test_iteration5.TestCommandCenter" name="test_departments" time="0.113" /><testcase classname="tests.test_iteration5.TestCommandCenter" name="test_alerts" time="0.133" /><testcase classname="tests.test_iteration5.TestOrganization" name="test_enterprise_health" time="0.106" /><testcase classname="tests.test_iteration5.TestOrganization" name="test_experience_criteria" time="0.110" /><testcase classname="tests.test_iteration5.TestOrganization" name="test_experience_lab_evaluate" time="10.068" /><testcase classname="tests.test_iteration5.TestConsumer" name="test_pathways" time="0.114" /><testcase classname="tests.test_iteration5.TestConsumer" name="test_enroll_progress_certificate_flow" time="0.433" /><testcase classname="tests.test_iteration5.TestConsumer" name="test_favorite_toggle" time="0.446" /><testcase classname="tests.test_iteration5.TestConsumer" name="test_my_learning_lists_enrolled" time="0.107" /><testcase classname="tests.test_iteration5.TestAuth" name="test_admin_login_returns_admin_role" time="0.151" /><testcase classname="tests.test_iteration5.TestAuth" name="test_learner_role_is_customer" time="0.422" /></testsuite></testsuites>