<?xml version="1.0" encoding="utf-8"?><testsuites name="pytest tests"><testsuite name="pytest" errors="0" failures="0" skipped="0" tests="5" time="4.658" timestamp="2026-07-03T13:44:25.759310+00:00" hostname="agent-env-1ec73dbb-44d4-41cb-80fb-250cf245584a"><testcase classname="tests.test_mtip001_protection.TestDashboard" name="test_dashboard_returns_rows_and_summary" time="0.755" /><testcase classname="tests.test_mtip001_protection.TestVerifyGracefulDegradation" name="test_verify_returns_200_with_deterministic_fallback" time="2.438" /><testcase classname="tests.test_mtip001_protection.TestApplyProtectionDeterministic" name="test_apply_protection_success" time="0.396" /><testcase classname="tests.test_mtip001_protection.TestVerifyGracefulDegradation" name="test_verify_persisted" time="1.581" /><testcase classname="tests.test_mtip001_protection.TestVerifyGracefulDegradation" name="test_verify_unknown_pid_returns_404" time="0.101" /></testsuite></testsuites>