<?xml version="1.0" encoding="utf-8"?><testsuites name="pytest tests"><testsuite name="pytest" errors="0" failures="0" skipped="1" tests="12" time="4.999" timestamp="2026-07-29T13:15:50.633282+00:00" hostname="agent-env-788f9197-2fca-447f-a7aa-366666398ce6"><testcase classname="tests.test_iteration99_covers_and_imprints.TestImprintRollout" name="test_public_books_return_imprints_list" time="0.167" /><testcase classname="tests.test_iteration99_covers_and_imprints.TestBundleCoverStudio" name="test_public_bundles_have_own_covers" time="0.173" /><testcase classname="tests.test_iteration99_covers_and_imprints.TestImprintRollout" name="test_imprint_filter_eq_rothwell" time="0.138" /><testcase classname="tests.test_iteration99_covers_and_imprints.TestBundleCoverStudio" name="test_bundle_cover_asset_serves_png" time="0.336" /><testcase classname="tests.test_iteration99_covers_and_imprints.TestImprintRollout" name="test_imprint_filter_qru_press" time="0.242" /><testcase classname="tests.test_iteration99_covers_and_imprints.TestBundleCoverStudio" name="test_create_bundle_auto_generates_cover" time="3.145" /><testcase classname="tests.test_iteration99_covers_and_imprints.TestImprintRollout" name="test_publication_details_persists_imprint" time="2.138" /><testcase classname="tests.test_iteration99_covers_and_imprints.TestRegression" name="test_public_home" time="0.838" /><testcase classname="tests.test_iteration99_covers_and_imprints.TestRegression" name="test_single_book_checkout_session" time="0.763" /><testcase classname="tests.test_iteration99_covers_and_imprints.TestBundleCoverStudio" name="test_cover_requires_auth" time="0.631" /><testcase classname="tests.test_iteration99_covers_and_imprints.TestRegression" name="test_bundle_checkout_session" time="0.337"><skipped type="pytest.skip" message="bundle checkout endpoint path not found (both variants tried)">/app/backend/tests/test_iteration99_covers_and_imprints.py:235: bundle checkout endpoint path not found (both variants tried)</skipped></testcase><testcase classname="tests.test_iteration99_covers_and_imprints.TestDestinationsMap" name="test_destinations_map_available" time="0.051" /></testsuite></testsuites>