<?xml version="1.0" encoding="utf-8"?><testsuites name="pytest tests"><testsuite name="pytest" errors="0" failures="0" skipped="0" tests="17" time="39.493" timestamp="2026-07-03T02:06:51.166921+00:00" hostname="agent-env-1ec73dbb-44d4-41cb-80fb-250cf245584a"><testcase classname="tests.test_iteration12.TestProductAutomation" name="test_recipes" time="0.738" /><testcase classname="tests.test_iteration12.TestIntegrationHub" name="test_catalog" time="0.900" /><testcase classname="tests.test_iteration12.TestProductAutomation" name="test_agents" time="0.174" /><testcase classname="tests.test_iteration12.TestIntegrationHub" name="test_monitor" time="0.136" /><testcase classname="tests.test_iteration12.TestProductAutomation" name="test_packages" time="0.178" /><testcase classname="tests.test_iteration12.TestIntegrationHub" name="test_connections_crud_and_credential_masking" time="0.617" /><testcase classname="tests.test_iteration12.TestProductAutomation" name="test_meditation_profiles" time="0.185" /><testcase classname="tests.test_iteration12.TestAIServices" name="test_status_capability_matrix" time="0.140" /><testcase classname="tests.test_iteration12.TestAIServices" name="test_jobs" time="0.177" /><testcase classname="tests.test_iteration12.TestReview" name="test_review_reject" time="0.466" /><testcase classname="tests.test_iteration12.TestIntegrationHub" name="test_routing_defaults" time="0.215" /><testcase classname="tests.test_iteration12.TestIntegrationHub" name="test_unknown_platform_rejected" time="0.136" /><testcase classname="tests.test_iteration12.TestProductionLineFastPath" name="test_production_line_fast_path" time="35.603" /><testcase classname="tests.test_iteration12.TestReview" name="test_review_invalid_product" time="0.169" /><testcase classname="tests.test_iteration12.TestManufactureSmall" name="test_manufacture_positive_affirmations" time="25.790" /><testcase classname="tests.test_iteration12.TestEnterpriseCommandCenter" name="test_command_center" time="0.150" /><testcase classname="tests.test_iteration12.TestNoCredentialLeak" name="test_credential_never_leaked_across_endpoints" time="1.122" /></testsuite></testsuites>