<?xml version="1.0" encoding="utf-8"?><testsuites name="pytest tests"><testsuite name="pytest" errors="0" failures="0" skipped="0" tests="18" time="102.935" timestamp="2026-07-10T22:44:27.667252+00:00" hostname="agent-env-1ec73dbb-44d4-41cb-80fb-250cf245584a"><testcase classname="tests.test_iteration40_mo012_flagship.TestSceneMatcherCore" name="test_empty_narration_returns_400" time="0.665" /><testcase classname="tests.test_iteration40_mo012_flagship.TestSceneMatcherCore" name="test_scene_shape" time="0.696" /><testcase classname="tests.test_iteration40_mo012_flagship.TestSceneMatcherCore" name="test_candidate_shape" time="0.000" /><testcase classname="tests.test_iteration40_mo012_flagship.TestDraftProduce" name="test_draft_run" time="46.341" /><testcase classname="tests.test_iteration40_mo012_flagship.TestSceneMatcherDedup" name="test_multi_scene_unique_selected_assets" time="1.394" /><testcase classname="tests.test_iteration40_mo012_flagship.TestSceneMatcherDedup" name="test_project_variety_fields_present" time="0.000" /><testcase classname="tests.test_iteration40_mo012_flagship.TestSceneMatcherDedup" name="test_candidate_dedup_fields" time="0.000" /><testcase classname="tests.test_iteration40_mo012_flagship.TestSceneMatcherDedup" name="test_hard_duplicates_not_selected" time="0.000" /><testcase classname="tests.test_iteration40_mo012_flagship.TestSceneMatcherDedup" name="test_forex_exclusions_present" time="0.000" /><testcase classname="tests.test_iteration40_mo012_flagship.TestGoldMaster" name="test_certify_and_records" time="39.099" /><testcase classname="tests.test_iteration40_mo012_flagship.TestGoldMaster" name="test_records_list_endpoint" time="0.298" /><testcase classname="tests.test_iteration40_mo012_flagship.TestMilestone001Regression" name="test_milestones_endpoint" time="0.297" /><testcase classname="tests.test_iteration40_mo012_flagship.TestMilestone001Regression" name="test_produce_proof_single_scene_still_works" time="17.927" /><testcase classname="tests.test_iteration40_mo012_flagship.TestDraftProduce" name="test_draft_cannot_be_certified" time="29.238" /><testcase classname="tests.test_iteration40_mo012_flagship.TestShowcaseModes" name="test_modes_shape" time="0.177" /><testcase classname="tests.test_iteration40_mo012_flagship.TestGuardrails" name="test_governed_auto_select_blocked" time="0.296" /><testcase classname="tests.test_iteration40_mo012_flagship.TestHumanApproval" name="test_run_ok_and_distribution_ready" time="25.433" /><testcase classname="tests.test_iteration40_mo012_flagship.TestHumanApproval" name="test_unapproved_scene_blocks" time="0.128" /></testsuite></testsuites>