<?xml version="1.0" encoding="utf-8"?><testsuites name="pytest tests"><testsuite name="pytest" errors="0" failures="1" skipped="0" tests="7" time="2.498" timestamp="2026-07-28T00:47:26.913645+00:00" hostname="agent-env-788f9197-2fca-447f-a7aa-366666398ce6"><testcase classname="tests.test_iteration96_store_readiness.TestProductCleanup" name="test_preflight" time="0.703"><failure message="AssertionError: missing key matched_total: dict_keys(['operation', 'ref', 'at', 'counts', 'removable', 'ready_to_apply', 'block_reasons', 'classification'])&#10;assert 'matched_total' in {'operation': 'Test Product Cleanup', 'ref': 'RI-STORE-TESTCLEAN', 'at': '2026-07-28T00:47:28.037346+00:00', 'counts': {'matched_total': 59, 'visible_in_catalog': 24, 'not_published': 12, 'already_archived': 23, ...}, ...}">backend/tests/test_iteration96_store_readiness.py:71: in test_preflight
    assert k in data, f"missing key {k}: {data.keys()}"
E   AssertionError: missing key matched_total: dict_keys(['operation', 'ref', 'at', 'counts', 'removable', 'ready_to_apply', 'block_reasons', 'classification'])
E   assert 'matched_total' in {'operation': 'Test Product Cleanup', 'ref': 'RI-STORE-TESTCLEAN', 'at': '2026-07-28T00:47:28.037346+00:00', 'counts': {'matched_total': 59, 'visible_in_catalog': 24, 'not_published': 12, 'already_archived': 23, ...}, ...}</failure></testcase><testcase classname="tests.test_iteration96_store_readiness.TestAssetsUpgrade" name="test_preflight" time="0.761" /><testcase classname="tests.test_iteration96_store_readiness.TestProductCleanup" name="test_dry_run_no_writes" time="0.487" /><testcase classname="tests.test_iteration96_store_readiness.TestAssetsUpgrade" name="test_run_and_status" time="0.169" /><testcase classname="tests.test_iteration96_store_readiness.TestAuthGating" name="test_unauth_returns_401_or_403" time="1.066" /><testcase classname="tests.test_iteration96_store_readiness.TestProductCleanup" name="test_apply_and_rollback_reversible" time="0.674" /><testcase classname="tests.test_iteration96_store_readiness.TestStoreHealth" name="test_health_structure_and_consistency" time="0.102" /></testsuite></testsuites>