<?xml version="1.0" encoding="utf-8"?><testsuites name="pytest tests"><testsuite name="pytest" errors="0" failures="0" skipped="1" tests="7" time="75.060" timestamp="2026-07-03T00:05:38.037742+00:00" hostname="agent-env-1ec73dbb-44d4-41cb-80fb-250cf245584a"><testcase classname="tests.test_iteration10.TestMediaEnd2End" name="test_01_video_manufacture_and_assets" time="34.312" /><testcase classname="tests.test_iteration10.TestMediaEnd2End" name="test_02_meditation_manufacture_and_assets" time="27.606" /><testcase classname="tests.test_iteration10.TestMediaEnd2End" name="test_03_non_verified_record_returns_400" time="0.046"><skipped type="pytest.skip" message="no non-verified record available in DB">/app/backend/tests/test_iteration10.py:152: no non-verified record available in DB</skipped></testcase><testcase classname="tests.test_iteration10.TestMediaEnd2End" name="test_04_publish_before_qc_returns_400" time="0.052" /><testcase classname="tests.test_iteration10.TestMediaEnd2End" name="test_05_run_qc" time="12.330" /><testcase classname="tests.test_iteration10.TestMediaEnd2End" name="test_06_publish_after_cert_or_still_blocked" time="0.049" /><testcase classname="tests.test_iteration10.TestMediaEnd2End" name="test_07_publish_unknown_destination_returns_400" time="0.046" /></testsuite></testsuites>