<?xml version="1.0" encoding="utf-8"?><testsuites name="pytest tests"><testsuite name="pytest" errors="0" failures="0" skipped="0" tests="13" time="44.448" timestamp="2026-07-15T02:51:32.296579+00:00" hostname="agent-env-1ec73dbb-44d4-41cb-80fb-250cf245584a"><testcase classname="tests.test_iteration76_qru_pms" name="test_auth_founder_login" time="0.591" /><testcase classname="tests.test_iteration76_qru_pms" name="test_config_system_title_and_seven_buttons" time="0.151" /><testcase classname="tests.test_iteration76_qru_pms" name="test_recipes_endpoint" time="0.222" /><testcase classname="tests.test_iteration76_qru_pms" name="test_upload_file_creates_new_book" time="0.160" /><testcase classname="tests.test_iteration76_qru_pms" name="test_book_appears_in_list" time="0.153" /><testcase classname="tests.test_iteration76_qru_pms" name="test_design_returns_qru_design_studio_concepts" time="22.260" /><testcase classname="tests.test_iteration76_qru_pms" name="test_sanitization_removes_placeholders_and_produces_clean_pages" time="1.058" /><testcase classname="tests.test_iteration76_qru_pms" name="test_release_gate_includes_publication_sanitized_and_honest" time="0.144" /><testcase classname="tests.test_iteration76_qru_pms" name="test_kdp_checklist_fields_and_statuses" time="0.172" /><testcase classname="tests.test_iteration76_qru_pms" name="test_share_pilot_returns_clean_review_copy" time="0.929" /><testcase classname="tests.test_iteration76_qru_pms" name="test_factory_library_contains_share_link" time="0.233" /><testcase classname="tests.test_iteration76_qru_pms" name="test_cover_studio_generate_ai" time="17.799" /><testcase classname="tests.test_iteration76_qru_pms" name="test_little_legacy_episode_from_verified_kr" time="0.144" /></testsuite></testsuites>