<?xml version="1.0" encoding="utf-8"?><testsuites name="pytest tests"><testsuite name="pytest" errors="0" failures="0" skipped="0" tests="16" time="1.247" timestamp="2026-07-16T19:38:37.129104+00:00" hostname="agent-env-1ec73dbb-44d4-41cb-80fb-250cf245584a"><testcase classname="tests.test_iteration79_constitutional_spine.TestUKRStandardV11" name="test_ukr_standard_metadata" time="0.209" /><testcase classname="tests.test_iteration79_constitutional_spine.TestManufacturingStandards" name="test_standards_overview" time="0.211" /><testcase classname="tests.test_iteration79_constitutional_spine.TestUKRStandardV11" name="test_ukr_registry_sorted_alphabetically" time="0.088" /><testcase classname="tests.test_iteration79_constitutional_spine.TestManufacturingStandards" name="test_foundation_endpoint" time="0.061" /><testcase classname="tests.test_iteration79_constitutional_spine.TestManufacturingStandards" name="test_list_pms" time="0.058" /><testcase classname="tests.test_iteration79_constitutional_spine.TestUKRStandardV11" name="test_ukr_registry_verified_only" time="0.155" /><testcase classname="tests.test_iteration79_constitutional_spine.TestManufacturingStandards" name="test_get_book_pms" time="0.119" /><testcase classname="tests.test_iteration79_constitutional_spine.TestManufacturingStandards" name="test_get_hologram_pms_404" time="0.060" /><testcase classname="tests.test_iteration79_constitutional_spine.TestUKRStandardV11" name="test_ukr_validate_all_pass" time="0.074" /><testcase classname="tests.test_iteration79_constitutional_spine.TestManufacturingStandards" name="test_pms_gate_book_allows" time="0.058" /><testcase classname="tests.test_iteration79_constitutional_spine.TestUKRStandardV11" name="test_ukr_migrate_dry_run_idempotent" time="0.115" /><testcase classname="tests.test_iteration79_constitutional_spine.TestManufacturingStandards" name="test_pms_gate_hologram_blocks" time="0.057" /><testcase classname="tests.test_iteration79_constitutional_spine.TestEvidenceChainBOOK0011" name="test_book_0011_pmf_references_kr_00001" time="0.132" /><testcase classname="tests.test_iteration79_constitutional_spine.TestBookManifestBOOK0001" name="test_build_pmf_book_0001" time="0.070" /><testcase classname="tests.test_iteration79_constitutional_spine.TestBookManifestBOOK0001" name="test_get_pmf_book_0001_persisted" time="0.067" /><testcase classname="tests.test_iteration79_constitutional_spine.TestDecoderSpotCheck" name="test_decoder_endpoint_reachable" time="0.138" /></testsuite></testsuites>