<?xml version="1.0" encoding="utf-8"?><testsuites name="pytest tests"><testsuite name="pytest" errors="0" failures="0" skipped="0" tests="10" time="104.748" timestamp="2026-07-02T20:35:41.369353+00:00" hostname="agent-env-1ec73dbb-44d4-41cb-80fb-250cf245584a"><testcase classname="tests.test_iteration3.TestAssemble" name="test_recipes_endpoint" time="0.675" /><testcase classname="tests.test_iteration3.TestAssemble" name="test_assemble_poster" time="0.269" /><testcase classname="tests.test_iteration3.TestManufactureAllJob" name="test_start_and_poll_to_completion" time="94.106" /><testcase classname="tests.test_iteration3.TestAssemble" name="test_assemble_unknown_product_type" time="0.046" /><testcase classname="tests.test_iteration3.TestSchema" name="test_schema_groups" time="0.045" /><testcase classname="tests.test_iteration3.TestTraceability" name="test_update_bumps_version_and_flags_products" time="0.180" /><testcase classname="tests.test_iteration3.TestDashboard" name="test_dashboard_has_new_iter3_fields" time="0.100" /><testcase classname="tests.test_iteration3.TestManufactureAllJob" name="test_active_jobs_filter" time="0.044" /><testcase classname="tests.test_iteration3.TestPerFieldOps" name="test_regenerate_and_approve_memory_sentence" time="9.857" /><testcase classname="tests.test_iteration3.TestPerFieldOps" name="test_regenerate_unknown_field_rejected" time="0.093" /></testsuite></testsuites>