<?xml version="1.0" encoding="utf-8"?><testsuites name="pytest tests"><testsuite name="pytest" errors="0" failures="0" skipped="0" tests="13" time="4.665" timestamp="2026-07-03T19:14:48.794920+00:00" hostname="agent-env-1ec73dbb-44d4-41cb-80fb-250cf245584a"><testcase classname="tests.test_iteration20.TestForexSeeds" name="test_seeds_list_contains_10_forex" time="0.577" /><testcase classname="tests.test_iteration20.TestForexSeeds" name="test_forex_seed_fields" time="0.056" /><testcase classname="tests.test_iteration20.TestPromotionPipeline" name="test_schema" time="0.052" /><testcase classname="tests.test_iteration20.TestPromotionPipeline" name="test_promote_empty_returns_400" time="0.110" /><testcase classname="tests.test_iteration20.TestPromotionPipeline" name="test_save_fields_no_ai" time="0.166" /><testcase classname="tests.test_iteration20.TestPromotionPipeline" name="test_promote_missing_source_note_400" time="0.153" /><testcase classname="tests.test_iteration20.TestPromotionPipeline" name="test_full_promote_kr_fx_0010" time="0.201" /><testcase classname="tests.test_iteration20.TestRecipes" name="test_23_recipes_with_categories" time="0.055" /><testcase classname="tests.test_iteration20.TestMarketingKit" name="test_build_kit" time="2.891" /><testcase classname="tests.test_iteration20.TestMarketingKit" name="test_get_kit" time="0.050" /><testcase classname="tests.test_iteration20.TestMarketingKit" name="test_preview_config_update" time="0.097" /><testcase classname="tests.test_iteration20.TestFailureIntelligence" name="test_dashboard_structure" time="0.055" /><testcase classname="tests.test_iteration20.TestFailureIntelligence" name="test_retry_orchestrator_run" time="0.099" /></testsuite></testsuites>