<?xml version="1.0" encoding="utf-8"?><testsuites name="pytest tests"><testsuite name="pytest" errors="0" failures="0" skipped="0" tests="13" time="5.643" timestamp="2026-07-03T18:20:33.562330+00:00" hostname="agent-env-1ec73dbb-44d4-41cb-80fb-250cf245584a"><testcase classname="tests.test_mt030_customer_content_filter.TestFilterUnit" name="test_strips_internal_headings_keeps_educational" time="2.518" /><testcase classname="tests.test_mt030_customer_content_filter.TestMT030PRD00063" name="test_render_deliverable_response_contract" time="2.387" /><testcase classname="tests.test_mt030_customer_content_filter.TestMT030PRD00063" name="test_html_contains_no_internal_terms" time="0.660" /><testcase classname="tests.test_mt030_customer_content_filter.TestFilterUnit" name="test_strips_various_internal_headings" time="0.000" /><testcase classname="tests.test_mt030_customer_content_filter.TestFilterUnit" name="test_detects_inline_internal_phrases" time="0.000" /><testcase classname="tests.test_mt030_customer_content_filter.TestFilterUnit" name="test_raw_product_content_unchanged_in_db" time="0.455" /><testcase classname="tests.test_mt030_customer_content_filter.TestMT030PRD00063" name="test_pptx_contains_no_internal_terms" time="0.287" /><testcase classname="tests.test_mt030_customer_content_filter.TestMT030PRD00063" name="test_pdf_contains_no_internal_terms" time="0.390" /><testcase classname="tests.test_mt030_customer_content_filter.TestPublicationGate" name="test_dirty_product_flags_review_and_blocks_release" time="0.841" /><testcase classname="tests.test_mt030_customer_content_filter.TestPipelineEndpoint" name="test_pipeline_returns_filter_state" time="0.051" /><testcase classname="tests.test_mt030_customer_content_filter.TestPublicationGate" name="test_clean_product_not_blocked_by_content_gate" time="0.220" /><testcase classname="tests.test_mt030_customer_content_filter.TestRegression" name="test_deliverable_has_html_pptx_pdf_and_design" time="0.240" /><testcase classname="tests.test_mt030_customer_content_filter.TestRegression" name="test_downloads_return_attachment" time="0.356" /></testsuite></testsuites>