<?xml version="1.0" encoding="utf-8"?><testsuites name="pytest tests"><testsuite name="pytest" errors="0" failures="0" skipped="0" tests="16" time="4.223" timestamp="2026-07-05T02:12:20.630234+00:00" hostname="agent-env-1ec73dbb-44d4-41cb-80fb-250cf245584a"><testcase classname="tests.test_iteration26_oauth_framework.TestConnectorList" name="test_list_returns_20" time="2.943" /><testcase classname="tests.test_iteration26_oauth_framework.TestConnectorList" name="test_native_and_stripe_statuses" time="0.084" /><testcase classname="tests.test_iteration26_oauth_framework.TestConnectorList" name="test_honest_non_oauth_platforms" time="0.079" /><testcase classname="tests.test_iteration26_oauth_framework.TestDeveloperConfig" name="test_before_config_status_is_devconfig" time="0.075" /><testcase classname="tests.test_iteration26_oauth_framework.TestDeveloperConfig" name="test_authorize_url_400_before_config" time="0.048" /><testcase classname="tests.test_iteration26_oauth_framework.TestDeveloperConfig" name="test_verify_before_config_returns_needs_config" time="0.097" /><testcase classname="tests.test_iteration26_oauth_framework.TestDeveloperConfig" name="test_post_dev_config_never_returns_secret" time="0.054" /><testcase classname="tests.test_iteration26_oauth_framework.TestDeveloperConfig" name="test_get_dev_config_never_returns_secret" time="0.048" /><testcase classname="tests.test_iteration26_oauth_framework.TestDeveloperConfig" name="test_status_after_config_is_needs_auth" time="0.080" /><testcase classname="tests.test_iteration26_oauth_framework.TestAuthorizeUrl" name="test_youtube_authorize_url_correct" time="0.049" /><testcase classname="tests.test_iteration26_oauth_framework.TestAuthorizeUrl" name="test_pkce_provider_authorize_url_has_code_challenge" time="0.101" /><testcase classname="tests.test_iteration26_oauth_framework.TestVerifyAfterConfig" name="test_verify_after_config_needs_auth" time="0.049" /><testcase classname="tests.test_iteration26_oauth_framework.TestOAuthCallback" name="test_callback_bad_state_redirects_no_crash" time="0.107" /><testcase classname="tests.test_iteration26_oauth_framework.TestDisconnectAndCleanup" name="test_disconnect_youtube" time="0.051" /><testcase classname="tests.test_iteration26_oauth_framework.TestDisconnectAndCleanup" name="test_delete_dev_config_youtube_reverts_status" time="0.124" /><testcase classname="tests.test_iteration26_oauth_framework.TestDisconnectAndCleanup" name="test_delete_dev_config_etsy_cleanup" time="0.130" /></testsuite></testsuites>