<?xml version="1.0" encoding="utf-8"?><testsuites name="pytest tests"><testsuite name="pytest" errors="0" failures="0" skipped="0" tests="13" time="2.758" timestamp="2026-07-05T04:35:46.861315+00:00" hostname="agent-env-1ec73dbb-44d4-41cb-80fb-250cf245584a"><testcase classname="tests.test_iteration31_kr2.TestRegistry" name="test_registry@kr2_serial" time="1.008" /><testcase classname="tests.test_iteration31_kr2.TestRegistry" name="test_dependency_map@kr2_serial" time="0.053" /><testcase classname="tests.test_iteration31_kr2.TestMigration" name="test_migrate_idempotent@kr2_serial" time="0.190" /><testcase classname="tests.test_iteration31_kr2.TestGetKR" name="test_kr47_shape@kr2_serial" time="0.052" /><testcase classname="tests.test_iteration31_kr2.TestGetKR" name="test_kr47_verified_core_sections@kr2_serial" time="0.491" /><testcase classname="tests.test_iteration31_kr2.TestManufacturingReadiness" name="test_youtube_missing@kr2_serial" time="0.053" /><testcase classname="tests.test_iteration31_kr2.TestManufacturingReadiness" name="test_consumer_guide_allowed@kr2_serial" time="0.054" /><testcase classname="tests.test_iteration31_kr2.TestManufacturingGate" name="test_video_manufacture_blocked@kr2_serial" time="0.058" /><testcase classname="tests.test_iteration31_kr2.TestSectionUpdate" name="test_update_and_version_increments@kr2_serial" time="0.110" /><testcase classname="tests.test_iteration31_kr2.TestSectionUpdate" name="test_invalid_status@kr2_serial" time="0.052" /><testcase classname="tests.test_iteration31_kr2.TestSectionUpdate" name="test_invalid_source@kr2_serial" time="0.054" /><testcase classname="tests.test_iteration31_kr2.TestSectionUpdate" name="test_migrate_preserves_edits@kr2_serial" time="0.142" /><testcase classname="tests.test_iteration31_kr2.TestSectionUpdate" name="test_reset_polluted_sections@kr2_serial" time="0.055" /></testsuite></testsuites>