<?xml version="1.0" encoding="utf-8"?><testsuites name="pytest tests"><testsuite name="pytest" errors="0" failures="0" skipped="1" tests="12" time="1.932" timestamp="2026-07-12T02:39:17.381248+00:00" hostname="agent-env-1ec73dbb-44d4-41cb-80fb-250cf245584a"><testcase classname="tests.test_iteration52_enterprise_architecture.TestModules" name="test_modules_count_and_mapping" time="0.673" /><testcase classname="tests.test_iteration52_enterprise_architecture.TestDomains" name="test_domains_endpoint" time="0.760" /><testcase classname="tests.test_iteration52_enterprise_architecture.TestModules" name="test_module_counts_match_registry" time="0.429" /><testcase classname="tests.test_iteration52_enterprise_architecture.TestDomains" name="test_requires_auth" time="0.102" /><testcase classname="tests.test_iteration52_enterprise_architecture.TestIntentions" name="test_intentions_shape" time="0.205" /><testcase classname="tests.test_iteration52_enterprise_architecture.TestIntentions" name="test_progressive_disclosure" time="0.311" /><testcase classname="tests.test_iteration52_enterprise_architecture.TestExplorer" name="test_explorer_valid" time="0.099" /><testcase classname="tests.test_iteration52_enterprise_architecture.TestExplorer" name="test_explorer_invalid_404" time="0.100" /><testcase classname="tests.test_iteration52_enterprise_architecture.TestLayers" name="test_layers_endpoint" time="0.095" /><testcase classname="tests.test_iteration52_enterprise_architecture.TestConstitutionalRegistry" name="test_prior_standards_still_present" time="0.103" /><testcase classname="tests.test_iteration52_enterprise_architecture.TestWhy" name="test_why_manufacture" time="0.126" /><testcase classname="tests.test_iteration52_enterprise_architecture.TestConstitutionalRegistry" name="test_std_eip_0002_registered" time="0.112"><skipped type="pytest.skip" message="STD-EIP-0002 not exposed via /api/flow/registry (informational)">/app/backend/tests/test_iteration52_enterprise_architecture.py:196: STD-EIP-0002 not exposed via /api/flow/registry (informational)</skipped></testcase></testsuite></testsuites>