<?xml version="1.0" encoding="utf-8"?><testsuites name="pytest tests"><testsuite name="pytest" errors="0" failures="0" skipped="0" tests="23" time="114.763" timestamp="2026-07-03T01:38:09.141816+00:00" hostname="agent-env-1ec73dbb-44d4-41cb-80fb-250cf245584a"><testcase classname="tests.test_iteration11.TestAuth" name="test_setup_status" time="0.208" /><testcase classname="tests.test_iteration11.TestTopicRegistry" name="test_topic_crud" time="1.295" /><testcase classname="tests.test_iteration11.TestAuth" name="test_founder_login_and_me" time="0.654" /><testcase classname="tests.test_iteration11.TestAuth" name="test_old_accounts_removed[admin@qru.com-qru-admin-2026]" time="0.204" /><testcase classname="tests.test_iteration11.TestAuth" name="test_old_accounts_removed[executive@qru.com-qru-exec-2026]" time="0.146" /><testcase classname="tests.test_iteration11.TestAuth" name="test_old_accounts_removed[learner@qru.com-qru-learn-2026]" time="0.139" /><testcase classname="tests.test_iteration11.TestTopicRegistry" name="test_ai_generate_small" time="6.760" /><testcase classname="tests.test_iteration11.TestAuth" name="test_demo_accounts_login[demo.admin@qru.com-qru-demo-admin-2026]" time="0.402" /><testcase classname="tests.test_iteration11.TestAuth" name="test_demo_accounts_login[demo.instructor@qru.com-qru-demo-instructor-2026]" time="0.359" /><testcase classname="tests.test_iteration11.TestAuth" name="test_demo_accounts_login[demo.student@qru.com-qru-demo-student-2026]" time="0.359" /><testcase classname="tests.test_iteration11.TestAuth" name="test_change_password_flow_on_demo_admin" time="2.632" /><testcase classname="tests.test_iteration11.TestProtection" name="test_licenses" time="0.171" /><testcase classname="tests.test_iteration11.TestProtection" name="test_dashboard" time="0.158" /><testcase classname="tests.test_iteration11.TestProtection" name="test_verify_and_protect_and_link" time="6.050" /><testcase classname="tests.test_iteration11.TestTopicRegistry" name="test_bulk_import_creates_topics_and_orders" time="0.143" /><testcase classname="tests.test_iteration11.TestOrchestrator" name="test_settings" time="0.423" /><testcase classname="tests.test_iteration11.TestOrchestrator" name="test_hands_free_batch_single_topic" time="104.583" /><testcase classname="tests.test_iteration11.TestOwnership" name="test_list_users_and_founder_undeletable" time="0.269" /><testcase classname="tests.test_iteration11.TestOwnership" name="test_knowledge_records_owner_id" time="0.178" /><testcase classname="tests.test_iteration11.TestPublishGate" name="test_publish_requires_verified" time="0.294" /><testcase classname="tests.test_iteration11.TestOrchestrator" name="test_pause_resume_retry" time="0.575" /><testcase classname="tests.test_iteration11.TestVerification" name="test_config" time="0.132" /><testcase classname="tests.test_iteration11.TestVerification" name="test_log_and_escalations" time="0.314" /></testsuite></testsuites>