<?xml version="1.0" encoding="utf-8"?><testsuites name="pytest tests"><testsuite name="pytest" errors="0" failures="0" skipped="0" tests="14" time="4.441" timestamp="2026-08-01T22:29:30.705152+00:00" hostname="agent-env-788f9197-2fca-447f-a7aa-366666398ce6"><testcase classname="tests.test_iteration105_printables_and_ca_delete" name="test_config_layouts" time="0.482" /><testcase classname="tests.test_iteration105_printables_and_ca_delete" name="test_build_standalone_poster" time="0.938" /><testcase classname="tests.test_iteration105_printables_and_ca_delete" name="test_build_standalone_other_layouts[worksheet-layout_]" time="0.492" /><testcase classname="tests.test_iteration105_printables_and_ca_delete" name="test_build_standalone_other_layouts[bordered-layout_]" time="0.555" /><testcase classname="tests.test_iteration105_printables_and_ca_delete" name="test_preview_page_poster" time="0.331" /><testcase classname="tests.test_iteration105_printables_and_ca_delete" name="test_preview_page_fullbleed" time="0.329" /><testcase classname="tests.test_iteration105_printables_and_ca_delete" name="test_settings_save_and_read" time="0.094" /><testcase classname="tests.test_iteration105_printables_and_ca_delete" name="test_build_persists_last_layout" time="0.746" /><testcase classname="tests.test_iteration105_printables_and_ca_delete" name="test_delete_rejected_asset_ok" time="0.135" /><testcase classname="tests.test_iteration105_printables_and_ca_delete" name="test_delete_rights_hold_ok" time="0.047" /><testcase classname="tests.test_iteration105_printables_and_ca_delete" name="test_delete_revision_required_ok" time="0.047" /><testcase classname="tests.test_iteration105_printables_and_ca_delete" name="test_delete_locked_forbidden" time="0.045" /><testcase classname="tests.test_iteration105_printables_and_ca_delete" name="test_delete_approved_forbidden" time="0.046" /><testcase classname="tests.test_iteration105_printables_and_ca_delete" name="test_delete_unknown_404" time="0.047" /></testsuite></testsuites>