<?xml version="1.0" encoding="utf-8"?><testsuites name="pytest tests"><testsuite name="pytest" errors="0" failures="0" skipped="0" tests="6" time="2.770" timestamp="2026-07-19T23:54:58.719424+00:00" hostname="agent-env-1ec73dbb-44d4-41cb-80fb-250cf245584a"><testcase classname="tests.test_iteration84_decoder_bridge" name="test_00_available_product_types" time="0.585" /><testcase classname="tests.test_iteration84_decoder_bridge" name="test_01_pick_decoder" time="0.072" /><testcase classname="tests.test_iteration84_decoder_bridge" name="test_02_create_and_verify_product[Workbook]" time="0.327" /><testcase classname="tests.test_iteration84_decoder_bridge" name="test_02_create_and_verify_product[Teacher Guide]" time="0.337" /><testcase classname="tests.test_iteration84_decoder_bridge" name="test_03_products_shelf_lists_created" time="0.408" /><testcase classname="tests.test_iteration84_decoder_bridge" name="test_99_cleanup" time="0.070" /></testsuite></testsuites>