<?xml version="1.0" encoding="utf-8"?><testsuites name="pytest tests"><testsuite name="pytest" errors="0" failures="0" skipped="0" tests="11" time="1.825" timestamp="2026-07-12T00:31:30.138348+00:00" hostname="agent-env-1ec73dbb-44d4-41cb-80fb-250cf245584a"><testcase classname="tests.test_iteration49_concierge_and_mo028.TestFactoryConciergeFlow" name="test_a_full_request_video_forex_beginners_ready" time="0.637" /><testcase classname="tests.test_iteration49_concierge_and_mo028.TestMO028AllSixDepartmentsAndCycleLog" name="test_run_requiring_improvement_all_6_depts_and_cycle_log_populated" time="0.750" /><testcase classname="tests.test_iteration49_concierge_and_mo028.TestFactoryConciergeFlow" name="test_b_partial_workbook_need_topic" time="0.115" /><testcase classname="tests.test_iteration49_concierge_and_mo028.TestMO028AllSixDepartmentsAndCycleLog" name="test_passing_case_forex_all_nonblocking_nonstandby_progress_100" time="0.123" /><testcase classname="tests.test_iteration49_concierge_and_mo028.TestFactoryConciergeFlow" name="test_c_followup_same_session_knowledge_gap" time="0.214" /><testcase classname="tests.test_iteration49_concierge_and_mo028.TestMO028AllSixDepartmentsAndCycleLog" name="test_sensitive_topic_no_kr_returns_blocked_knowledge_verification" time="0.106" /><testcase classname="tests.test_iteration49_concierge_and_mo028.TestFactoryConciergeFlow" name="test_d_no_outcome_returns_need_outcome_with_suggestions" time="0.180" /><testcase classname="tests.test_iteration49_concierge_and_mo028.TestFactoryConciergeSessionPersistence" name="test_get_session_returns_accumulated_messages_and_slots" time="0.210" /><testcase classname="tests.test_iteration49_concierge_and_mo028.TestFactoryConciergeFlow" name="test_d2_empty_message_returns_need_outcome" time="0.108" /><testcase classname="tests.test_iteration49_concierge_and_mo028.TestFactoryConciergeSessionPersistence" name="test_get_session_unknown_returns_404" time="0.111" /><testcase classname="tests.test_iteration49_concierge_and_mo028.TestFactoryConciergeAuth" name="test_message_requires_auth" time="0.109" /></testsuite></testsuites>