<?xml version="1.0" encoding="utf-8"?><testsuites name="pytest tests"><testsuite name="pytest" errors="0" failures="0" skipped="0" tests="12" time="9.319" timestamp="2026-07-05T06:46:57.501917+00:00" hostname="agent-env-1ec73dbb-44d4-41cb-80fb-250cf245584a"><testcase classname="tests.test_mo005_director.TestDirectorQueue" name="test_queue_shape" time="0.648" /><testcase classname="tests.test_mo005_director.TestDirectorQueue" name="test_counts_has_all_four_verdicts" time="0.000" /><testcase classname="tests.test_mo005_director.TestDirectorQueue" name="test_cleared_held_math" time="0.000" /><testcase classname="tests.test_mo005_director.TestDirectorQueue" name="test_orders_row_shape" time="0.000" /><testcase classname="tests.test_mo005_director.TestDirectorDecision" name="test_apply_decision_updates_status" time="0.153" /><testcase classname="tests.test_mo005_director.TestDirectorReview" name="test_review_shape_full" time="0.784" /><testcase classname="tests.test_mo005_director.TestDirectorReview" name="test_missing_knowledge_shape" time="0.049" /><testcase classname="tests.test_mo005_director.TestDirectorDecision" name="test_decision_appends_history" time="0.127" /><testcase classname="tests.test_mo005_director.TestDirectorReview" name="test_review_404_on_unknown" time="0.044" /><testcase classname="tests.test_mo005_director.TestDirectorAIBrief" name="test_ai_never_changes_verdict" time="2.287" /><testcase classname="tests.test_mo005_director.TestDirectorDecision" name="test_decision_404_on_unknown" time="0.137" /><testcase classname="tests.test_mo005_director.TestDirectorAIBrief" name="test_ai_no_hang_on_multiple_orders" time="5.807" /></testsuite></testsuites>