<?xml version="1.0" encoding="utf-8"?><testsuites name="pytest tests"><testsuite name="pytest" errors="0" failures="0" skipped="0" tests="14" time="6.641" timestamp="2026-07-03T14:42:13.166161+00:00" hostname="agent-env-1ec73dbb-44d4-41cb-80fb-250cf245584a"><testcase classname="tests.test_mt024_deliverable" name="test_render_deliverable[c4530d52-9286-458a-9104-48f4be38c08a-epub-expected_formats0]" time="1.641" /><testcase classname="tests.test_mt024_deliverable" name="test_render_deliverable[a3a3326e-0046-4681-a13f-38f06ee8fa3a-pptx-expected_formats1]" time="0.457" /><testcase classname="tests.test_mt024_deliverable" name="test_render_deliverable[f464e59c-e30c-47c7-9ab3-77a596e2a7bc-png-expected_formats2]" time="0.050" /><testcase classname="tests.test_mt024_deliverable" name="test_asset_serving_and_magic_bytes[c4530d52-9286-458a-9104-48f4be38c08a]" time="1.195" /><testcase classname="tests.test_mt024_deliverable" name="test_asset_serving_and_magic_bytes[a3a3326e-0046-4681-a13f-38f06ee8fa3a]" time="0.776" /><testcase classname="tests.test_mt024_deliverable" name="test_asset_serving_and_magic_bytes[f464e59c-e30c-47c7-9ab3-77a596e2a7bc]" time="0.487" /><testcase classname="tests.test_mt024_deliverable" name="test_pipeline_exposes_deliverable[c4530d52-9286-458a-9104-48f4be38c08a]" time="0.048" /><testcase classname="tests.test_mt024_deliverable" name="test_pipeline_exposes_deliverable[a3a3326e-0046-4681-a13f-38f06ee8fa3a]" time="0.046" /><testcase classname="tests.test_mt024_deliverable" name="test_pipeline_exposes_deliverable[f464e59c-e30c-47c7-9ab3-77a596e2a7bc]" time="0.047" /><testcase classname="tests.test_mt024_deliverable" name="test_render_idempotency" time="1.225" /><testcase classname="tests.test_mt024_deliverable" name="test_render_unknown_pid_404" time="0.052" /><testcase classname="tests.test_mt024_deliverable" name="test_pipeline_unknown_pid_404" time="0.046" /><testcase classname="tests.test_mt024_deliverable" name="test_release_idempotent_or_ready" time="0.303" /><testcase classname="tests.test_mt024_deliverable" name="test_release_locked_when_gates_unmet" time="0.173" /></testsuite></testsuites>