<?xml version="1.0" encoding="utf-8"?><testsuites name="pytest tests"><testsuite name="pytest" errors="0" failures="0" skipped="0" tests="27" time="4.378" timestamp="2026-07-02T17:44:26.595041+00:00" hostname="agent-env-1ec73dbb-44d4-41cb-80fb-250cf245584a"><testcase classname="tests.backend_test.TestAuth" name="test_root" time="0.227" /><testcase classname="tests.backend_test.TestAuth" name="test_admin_login" time="0.535" /><testcase classname="tests.backend_test.TestUserManagement" name="test_admin_can_list_users" time="0.762" /><testcase classname="tests.backend_test.TestAuth" name="test_executive_login" time="0.346" /><testcase classname="tests.backend_test.TestAuth" name="test_invalid_login" time="0.509" /><testcase classname="tests.backend_test.TestUserManagement" name="test_executive_can_list_users" time="0.855" /><testcase classname="tests.backend_test.TestAuth" name="test_me_requires_auth" time="0.108" /><testcase classname="tests.backend_test.TestUserManagement" name="test_executive_cannot_create_user" time="0.140" /><testcase classname="tests.backend_test.TestUserManagement" name="test_admin_create_and_delete_user" time="0.601" /><testcase classname="tests.backend_test.TestAuth" name="test_me_with_token" time="0.587" /><testcase classname="tests.backend_test.TestMisc" name="test_health_colleges" time="0.125" /><testcase classname="tests.backend_test.TestUserManagement" name="test_cannot_delete_admin" time="0.158" /><testcase classname="tests.backend_test.TestMisc" name="test_customers_crud" time="0.297" /><testcase classname="tests.backend_test.TestProducts" name="test_list_products" time="0.101" /><testcase classname="tests.backend_test.TestProducts" name="test_types" time="0.135" /><testcase classname="tests.backend_test.TestMisc" name="test_notifications" time="0.156" /><testcase classname="tests.backend_test.TestProducts" name="test_generate_requires_topic" time="0.129" /><testcase classname="tests.backend_test.TestDashboard" name="test_dashboard_stats" time="0.108" /><testcase classname="tests.backend_test.TestMisc" name="test_search" time="0.113" /><testcase classname="tests.backend_test.TestDashboard" name="test_analytics_overview" time="0.109" /><testcase classname="tests.backend_test.TestKnowledgeRecords" name="test_list_records" time="0.106" /><testcase classname="tests.backend_test.TestManufacturingOrders" name="test_list_orders" time="0.109" /><testcase classname="tests.backend_test.TestKnowledgeRecords" name="test_create_and_verify_kr" time="0.246" /><testcase classname="tests.backend_test.TestManufacturingOrders" name="test_create_and_advance_order" time="0.299" /><testcase classname="tests.backend_test.TestWorkforce" name="test_list_employees" time="0.118" /><testcase classname="tests.backend_test.TestWorkforce" name="test_toggle_employee" time="0.198" /><testcase classname="tests.backend_test.TestCommand" name="test_command_history" time="0.109" /></testsuite></testsuites>