<?xml version="1.0" encoding="utf-8"?><testsuites name="pytest tests"><testsuite name="pytest" errors="0" failures="1" skipped="0" tests="30" time="28.929" timestamp="2026-07-02T19:03:53.766646+00:00" hostname="agent-env-1ec73dbb-44d4-41cb-80fb-250cf245584a"><testcase classname="tests.backend_test.TestAuth" name="test_root" time="0.200" /><testcase classname="tests.backend_test.TestAuth" name="test_admin_login" time="0.505" /><testcase classname="tests.backend_test.TestUserManagement" name="test_admin_can_list_users" time="0.705" /><testcase classname="tests.backend_test.TestAuth" name="test_executive_login" time="0.381" /><testcase classname="tests.backend_test.TestAuth" name="test_invalid_login" time="0.502" /><testcase classname="tests.backend_test.TestUserManagement" name="test_executive_can_list_users" time="1.385" /><testcase classname="tests.backend_test.TestAuth" name="test_me_requires_auth" time="0.136" /><testcase classname="tests.backend_test.TestUserManagement" name="test_executive_cannot_create_user" time="0.138" /><testcase classname="tests.backend_test.TestAuth" name="test_me_with_token" time="0.564" /><testcase classname="tests.backend_test.TestUserManagement" name="test_admin_create_and_delete_user" time="0.429" /><testcase classname="tests.backend_test.TestProducts" name="test_list_products" time="0.306" /><testcase classname="tests.backend_test.TestProducts" name="test_types" time="0.136" /><testcase classname="tests.backend_test.TestUserManagement" name="test_cannot_delete_admin" time="0.196" /><testcase classname="tests.backend_test.TestProducts" name="test_generate_product" time="24.555" /><testcase classname="tests.backend_test.TestMisc" name="test_health_colleges" time="0.150" /><testcase classname="tests.backend_test.TestMisc" name="test_customers_crud" time="0.270" /><testcase classname="tests.backend_test.TestMisc" name="test_notifications" time="0.201" /><testcase classname="tests.backend_test.TestMisc" name="test_search" time="0.142" /><testcase classname="tests.backend_test.TestDashboard" name="test_dashboard_stats" time="0.180" /><testcase classname="tests.backend_test.TestDashboard" name="test_analytics_overview" time="0.161" /><testcase classname="tests.backend_test.TestManufacturingOrders" name="test_list_orders" time="0.138" /><testcase classname="tests.backend_test.TestManufacturingOrders" name="test_create_and_advance_order" time="0.326" /><testcase classname="tests.backend_test.TestWorkforce" name="test_list_employees" time="0.141" /><testcase classname="tests.backend_test.TestWorkforce" name="test_toggle_employee" time="0.272" /><testcase classname="tests.backend_test.TestCommand" name="test_command_create_kr" time="3.972" /><testcase classname="tests.backend_test.TestCommand" name="test_command_history" time="0.204" /><testcase classname="tests.backend_test.TestProducts" name="test_generate_requires_topic" time="0.193" /><testcase classname="tests.backend_test.TestKnowledgeRecords" name="test_list_records" time="0.165" /><testcase classname="tests.backend_test.TestKnowledgeRecords" name="test_create_and_verify_kr" time="0.330" /><testcase classname="tests.backend_test.TestKnowledgeRecords" name="test_translate_kr" time="0.306"><failure message="AssertionError: {&quot;detail&quot;:&quot;Not Found&quot;}&#10;assert 404 == 200&#10; +  where 404 = &lt;Response [404]&gt;.status_code">tests/backend_test.py:155: in test_translate_kr
    assert t.status_code == 200, t.text
E   AssertionError: {"detail":"Not Found"}
E   assert 404 == 200
E    +  where 404 = &lt;Response [404]&gt;.status_code</failure></testcase></testsuite></testsuites>